+ http_conf=/opt/appsmith/templates/nginx-app-http.conf.template.sh
+ https_conf=/opt/appsmith/templates/nginx-app-https.conf.template.sh
+ ssl_conf_path=/appsmith-stacks/data/certificate/conf
+ APP_TEMPLATE=/opt/appsmith/templates/nginx-app-http.conf.template.sh
+ mkdir -pv /appsmith-stacks/data/certificate/conf
+ cat
+ cat
+ [[ -z 'self' * ]]
+ export 'APPSMITH_ALLOWED_FRAME_ANCESTORS='\''self'\'' *'
+ APPSMITH_ALLOWED_FRAME_ANCESTORS=''\''self'\'' *'
+ [[ -z false ]]
+ [[ -n '' ]]
+ bash /opt/appsmith/templates/nginx-app-http.conf.template.sh ''
+ index_html_served=/opt/appsmith/editor/index.html
+ index_html_original=/opt/appsmith/index.html.original
+ [[ ! -f /opt/appsmith/index.html.original ]]
+ cp -v /opt/appsmith/editor/index.html /opt/appsmith/index.html.original
+ node -e '
const fs = require("fs")
const content = fs.readFileSync("/opt/appsmith/index.html.original", "utf8").replace(
  /\b__(APPSMITH_[A-Z0-9_]+)__\b/g,
  (placeholder, name) => (process.env[name] || "")
)
fs.writeFileSync("/opt/appsmith/editor/index.html", content)
'
+ exec nginx -g 'daemon off;error_log stderr info;'
2023/04/19 13:27:51 [notice] 1356#1356: using the "epoll" event method
2023/04/19 13:27:51 [notice] 1356#1356: nginx/1.18.0 (Ubuntu)
2023/04/19 13:27:51 [notice] 1356#1356: OS: Linux 5.15.49-linuxkit
2023/04/19 13:27:51 [notice] 1356#1356: getrlimit(RLIMIT_NOFILE): 1048576:1048576
2023/04/19 13:27:51 [notice] 1356#1356: start worker processes
2023/04/19 13:27:51 [notice] 1356#1356: start worker process 1384
2023/04/19 13:27:51 [notice] 1356#1356: start worker process 1385
2023/04/19 13:27:51 [notice] 1356#1356: start worker process 1386
2023/04/19 13:27:51 [notice] 1356#1356: start worker process 1387
