+ http_conf=/opt/appsmith/templates/nginx-app-http.conf.template.sh
+ https_conf=/opt/appsmith/templates/nginx-app-https.conf.template.sh
+ ssl_conf_path=/appsmith-stacks/data/certificate/conf
+ APP_TEMPLATE=/opt/appsmith/templates/nginx-app-http.conf.template.sh
+ mkdir -pv /appsmith-stacks/data/certificate/conf
+ cat
+ cat
+ [[ -z 'self' * ]]
+ export 'APPSMITH_ALLOWED_FRAME_ANCESTORS='\''self'\'' *'
+ APPSMITH_ALLOWED_FRAME_ANCESTORS=''\''self'\'' *'
+ [[ -z false ]]
+ [[ -n '' ]]
+ bash /opt/appsmith/templates/nginx-app-http.conf.template.sh ''
+ index_html_served=/opt/appsmith/editor/index.html
+ index_html_original=/opt/appsmith/index.html.original
+ [[ ! -f /opt/appsmith/index.html.original ]]
+ cp -v /opt/appsmith/editor/index.html /opt/appsmith/index.html.original
+ node -e '
const fs = require("fs")
const content = fs.readFileSync("/opt/appsmith/index.html.original", "utf8").replace(
  /\b__(APPSMITH_[A-Z0-9_]+)__\b/g,
  (placeholder, name) => (process.env[name] || "")
)
fs.writeFileSync("/opt/appsmith/editor/index.html", content)
'
+ exec nginx -g 'daemon off;error_log stderr info;'
2023/04/19 15:30:29 [notice] 1421#1421: using the "epoll" event method
2023/04/19 15:30:29 [notice] 1421#1421: nginx/1.18.0 (Ubuntu)
2023/04/19 15:30:29 [notice] 1421#1421: OS: Linux 5.15.49-linuxkit
2023/04/19 15:30:29 [notice] 1421#1421: getrlimit(RLIMIT_NOFILE): 1048576:1048576
2023/04/19 15:30:29 [notice] 1421#1421: start worker processes
2023/04/19 15:30:29 [notice] 1421#1421: start worker process 1452
2023/04/19 15:30:29 [notice] 1421#1421: start worker process 1453
2023/04/19 15:30:29 [notice] 1421#1421: start worker process 1454
2023/04/19 15:30:29 [notice] 1421#1421: start worker process 1455
2023/04/19 16:23:43 [notice] 1421#1421: signal 3 (SIGQUIT) received from 1, shutting down
2023/04/19 16:23:43 [notice] 1452#1452: gracefully shutting down
2023/04/19 16:23:43 [notice] 1454#1454: gracefully shutting down
2023/04/19 16:23:43 [notice] 1453#1453: gracefully shutting down
2023/04/19 16:23:43 [notice] 1452#1452: exiting
2023/04/19 16:23:43 [notice] 1455#1455: gracefully shutting down
2023/04/19 16:23:43 [notice] 1454#1454: exiting
2023/04/19 16:23:43 [notice] 1453#1453: exiting
2023/04/19 16:23:43 [notice] 1455#1455: exiting
2023/04/19 16:23:43 [notice] 1454#1454: exit
2023/04/19 16:23:43 [notice] 1452#1452: exit
2023/04/19 16:23:43 [notice] 1455#1455: exit
2023/04/19 16:23:43 [notice] 1453#1453: exit
2023/04/19 16:23:43 [notice] 1421#1421: signal 17 (SIGCHLD) received from 1454
2023/04/19 16:23:43 [notice] 1421#1421: worker process 1452 exited with code 0
2023/04/19 16:23:43 [notice] 1421#1421: worker process 1454 exited with code 0
2023/04/19 16:23:43 [notice] 1421#1421: signal 29 (SIGIO) received
2023/04/19 16:23:43 [notice] 1421#1421: signal 17 (SIGCHLD) received from 1453
2023/04/19 16:23:43 [notice] 1421#1421: worker process 1453 exited with code 0
2023/04/19 16:23:43 [notice] 1421#1421: signal 29 (SIGIO) received
2023/04/19 16:23:43 [notice] 1421#1421: signal 17 (SIGCHLD) received from 1455
2023/04/19 16:23:43 [notice] 1421#1421: worker process 1455 exited with code 0
2023/04/19 16:23:43 [notice] 1421#1421: exit
