+ http_conf=/opt/appsmith/templates/nginx-app-http.conf.template.sh
+ https_conf=/opt/appsmith/templates/nginx-app-https.conf.template.sh
+ ssl_conf_path=/appsmith-stacks/data/certificate/conf
+ APP_TEMPLATE=/opt/appsmith/templates/nginx-app-http.conf.template.sh
+ mkdir -pv /appsmith-stacks/data/certificate/conf
+ cat
+ cat
+ [[ -z 'self' * ]]
+ export 'APPSMITH_ALLOWED_FRAME_ANCESTORS='\''self'\'' *'
+ APPSMITH_ALLOWED_FRAME_ANCESTORS=''\''self'\'' *'
+ [[ -z false ]]
+ [[ -n '' ]]
+ bash /opt/appsmith/templates/nginx-app-http.conf.template.sh ''
+ index_html_served=/opt/appsmith/editor/index.html
+ index_html_original=/opt/appsmith/index.html.original
+ [[ ! -f /opt/appsmith/index.html.original ]]
+ cp -v /opt/appsmith/editor/index.html /opt/appsmith/index.html.original
+ node -e '
const fs = require("fs")
const content = fs.readFileSync("/opt/appsmith/index.html.original", "utf8").replace(
  /\b__(APPSMITH_[A-Z0-9_]+)__\b/g,
  (placeholder, name) => (process.env[name] || "")
)
fs.writeFileSync("/opt/appsmith/editor/index.html", content)
'
+ exec nginx -g 'daemon off;error_log stderr info;'
2023/04/18 23:18:20 [notice] 1353#1353: using the "epoll" event method
2023/04/18 23:18:20 [notice] 1353#1353: nginx/1.18.0 (Ubuntu)
2023/04/18 23:18:20 [notice] 1353#1353: OS: Linux 5.15.49-linuxkit
2023/04/18 23:18:20 [notice] 1353#1353: getrlimit(RLIMIT_NOFILE): 1048576:1048576
2023/04/18 23:18:20 [notice] 1353#1353: start worker processes
2023/04/18 23:18:20 [notice] 1353#1353: start worker process 1384
2023/04/18 23:18:20 [notice] 1353#1353: start worker process 1385
2023/04/18 23:18:20 [notice] 1353#1353: start worker process 1386
2023/04/18 23:18:20 [notice] 1353#1353: start worker process 1387
2023/04/19 13:17:14 [notice] 1353#1353: signal 3 (SIGQUIT) received from 1, shutting down
2023/04/19 13:17:14 [notice] 1385#1385: gracefully shutting down
2023/04/19 13:17:14 [notice] 1384#1384: gracefully shutting down
2023/04/19 13:17:14 [notice] 1386#1386: gracefully shutting down
2023/04/19 13:17:14 [notice] 1385#1385: exiting
2023/04/19 13:17:14 [notice] 1387#1387: gracefully shutting down
2023/04/19 13:17:14 [notice] 1386#1386: exiting
2023/04/19 13:17:14 [notice] 1387#1387: exiting
2023/04/19 13:17:14 [notice] 1384#1384: exiting
2023/04/19 13:17:14 [notice] 1384#1384: exit
2023/04/19 13:17:14 [notice] 1385#1385: exit
2023/04/19 13:17:14 [notice] 1386#1386: exit
2023/04/19 13:17:14 [notice] 1387#1387: exit
2023/04/19 13:17:14 [notice] 1353#1353: signal 17 (SIGCHLD) received from 1386
2023/04/19 13:17:14 [notice] 1353#1353: worker process 1386 exited with code 0
2023/04/19 13:17:14 [notice] 1353#1353: signal 29 (SIGIO) received
2023/04/19 13:17:14 [notice] 1353#1353: signal 17 (SIGCHLD) received from 1384
2023/04/19 13:17:14 [notice] 1353#1353: worker process 1384 exited with code 0
2023/04/19 13:17:14 [notice] 1353#1353: signal 29 (SIGIO) received
2023/04/19 13:17:14 [notice] 1353#1353: signal 17 (SIGCHLD) received from 1387
2023/04/19 13:17:14 [notice] 1353#1353: worker process 1387 exited with code 0
2023/04/19 13:17:14 [notice] 1353#1353: signal 29 (SIGIO) received
2023/04/19 13:17:14 [notice] 1353#1353: signal 17 (SIGCHLD) received from 1385
2023/04/19 13:17:14 [notice] 1353#1353: worker process 1385 exited with code 0
2023/04/19 13:17:14 [notice] 1353#1353: exit
+ http_conf=/opt/appsmith/templates/nginx-app-http.conf.template.sh
+ https_conf=/opt/appsmith/templates/nginx-app-https.conf.template.sh
+ ssl_conf_path=/appsmith-stacks/data/certificate/conf
+ APP_TEMPLATE=/opt/appsmith/templates/nginx-app-http.conf.template.sh
+ mkdir -pv /appsmith-stacks/data/certificate/conf
+ cat
+ cat
+ [[ -z 'self' * ]]
+ export 'APPSMITH_ALLOWED_FRAME_ANCESTORS='\''self'\'' *'
+ APPSMITH_ALLOWED_FRAME_ANCESTORS=''\''self'\'' *'
+ [[ -z false ]]
+ [[ -n '' ]]
+ bash /opt/appsmith/templates/nginx-app-http.conf.template.sh ''
+ index_html_served=/opt/appsmith/editor/index.html
+ index_html_original=/opt/appsmith/index.html.original
+ [[ ! -f /opt/appsmith/index.html.original ]]
+ node -e '
const fs = require("fs")
const content = fs.readFileSync("/opt/appsmith/index.html.original", "utf8").replace(
  /\b__(APPSMITH_[A-Z0-9_]+)__\b/g,
  (placeholder, name) => (process.env[name] || "")
)
fs.writeFileSync("/opt/appsmith/editor/index.html", content)
'
+ exec nginx -g 'daemon off;error_log stderr info;'
2023/04/19 13:24:50 [notice] 1415#1415: using the "epoll" event method
2023/04/19 13:24:50 [notice] 1415#1415: nginx/1.18.0 (Ubuntu)
2023/04/19 13:24:50 [notice] 1415#1415: OS: Linux 5.15.49-linuxkit
2023/04/19 13:24:50 [notice] 1415#1415: getrlimit(RLIMIT_NOFILE): 1048576:1048576
2023/04/19 13:24:50 [notice] 1415#1415: start worker processes
2023/04/19 13:24:50 [notice] 1415#1415: start worker process 1453
2023/04/19 13:24:50 [notice] 1415#1415: start worker process 1454
2023/04/19 13:24:50 [notice] 1415#1415: start worker process 1455
2023/04/19 13:24:50 [notice] 1415#1415: start worker process 1456
2023/04/19 13:25:31 [notice] 1415#1415: signal 3 (SIGQUIT) received from 1, shutting down
2023/04/19 13:25:31 [notice] 1454#1454: gracefully shutting down
2023/04/19 13:25:31 [notice] 1453#1453: gracefully shutting down
2023/04/19 13:25:31 [notice] 1455#1455: gracefully shutting down
2023/04/19 13:25:31 [notice] 1454#1454: exiting
2023/04/19 13:25:31 [notice] 1455#1455: exiting
2023/04/19 13:25:31 [notice] 1453#1453: exiting
2023/04/19 13:25:31 [notice] 1454#1454: exit
2023/04/19 13:25:31 [notice] 1453#1453: exit
2023/04/19 13:25:31 [notice] 1455#1455: exit
2023/04/19 13:25:31 [notice] 1456#1456: gracefully shutting down
2023/04/19 13:25:31 [notice] 1456#1456: exiting
2023/04/19 13:25:31 [notice] 1415#1415: signal 17 (SIGCHLD) received from 1453
2023/04/19 13:25:31 [notice] 1415#1415: worker process 1453 exited with code 0
2023/04/19 13:25:31 [notice] 1415#1415: signal 29 (SIGIO) received
2023/04/19 13:25:31 [notice] 1415#1415: signal 17 (SIGCHLD) received from 1455
2023/04/19 13:25:31 [notice] 1415#1415: worker process 1455 exited with code 0
2023/04/19 13:25:31 [notice] 1415#1415: signal 29 (SIGIO) received
2023/04/19 13:25:31 [notice] 1456#1456: exit
2023/04/19 13:25:31 [notice] 1415#1415: signal 17 (SIGCHLD) received from 1454
2023/04/19 13:25:31 [notice] 1415#1415: worker process 1454 exited with code 0
2023/04/19 13:25:31 [notice] 1415#1415: signal 29 (SIGIO) received
2023/04/19 13:25:31 [notice] 1415#1415: signal 17 (SIGCHLD) received from 1456
2023/04/19 13:25:31 [notice] 1415#1415: worker process 1456 exited with code 0
2023/04/19 13:25:31 [notice] 1415#1415: exit
+ http_conf=/opt/appsmith/templates/nginx-app-http.conf.template.sh
+ https_conf=/opt/appsmith/templates/nginx-app-https.conf.template.sh
+ ssl_conf_path=/appsmith-stacks/data/certificate/conf
+ APP_TEMPLATE=/opt/appsmith/templates/nginx-app-http.conf.template.sh
+ mkdir -pv /appsmith-stacks/data/certificate/conf
+ cat
+ cat
+ [[ -z 'self' * ]]
+ export 'APPSMITH_ALLOWED_FRAME_ANCESTORS='\''self'\'' *'
+ APPSMITH_ALLOWED_FRAME_ANCESTORS=''\''self'\'' *'
+ [[ -z false ]]
+ [[ -n '' ]]
+ bash /opt/appsmith/templates/nginx-app-http.conf.template.sh ''
+ index_html_served=/opt/appsmith/editor/index.html
+ index_html_original=/opt/appsmith/index.html.original
+ [[ ! -f /opt/appsmith/index.html.original ]]
+ node -e '
const fs = require("fs")
const content = fs.readFileSync("/opt/appsmith/index.html.original", "utf8").replace(
  /\b__(APPSMITH_[A-Z0-9_]+)__\b/g,
  (placeholder, name) => (process.env[name] || "")
)
fs.writeFileSync("/opt/appsmith/editor/index.html", content)
'
+ exec nginx -g 'daemon off;error_log stderr info;'
2023/04/19 13:26:27 [notice] 1355#1355: using the "epoll" event method
2023/04/19 13:26:27 [notice] 1355#1355: nginx/1.18.0 (Ubuntu)
2023/04/19 13:26:27 [notice] 1355#1355: OS: Linux 5.15.49-linuxkit
2023/04/19 13:26:27 [notice] 1355#1355: getrlimit(RLIMIT_NOFILE): 1048576:1048576
2023/04/19 13:26:27 [notice] 1355#1355: start worker processes
2023/04/19 13:26:27 [notice] 1355#1355: start worker process 1381
2023/04/19 13:26:27 [notice] 1355#1355: start worker process 1382
2023/04/19 13:26:27 [notice] 1355#1355: start worker process 1383
2023/04/19 13:26:27 [notice] 1355#1355: start worker process 1384
2023/04/19 13:27:46 [notice] 1355#1355: signal 3 (SIGQUIT) received from 1, shutting down
2023/04/19 13:27:46 [notice] 1383#1383: gracefully shutting down
2023/04/19 13:27:46 [notice] 1381#1381: gracefully shutting down
2023/04/19 13:27:46 [notice] 1382#1382: gracefully shutting down
2023/04/19 13:27:46 [notice] 1383#1383: exiting
2023/04/19 13:27:46 [notice] 1382#1382: exiting
2023/04/19 13:27:46 [notice] 1381#1381: exiting
2023/04/19 13:27:46 [notice] 1384#1384: gracefully shutting down
2023/04/19 13:27:46 [notice] 1381#1381: exit
2023/04/19 13:27:46 [notice] 1383#1383: exit
2023/04/19 13:27:46 [notice] 1382#1382: exit
2023/04/19 13:27:46 [notice] 1384#1384: exiting
2023/04/19 13:27:46 [notice] 1384#1384: exit
2023/04/19 13:27:46 [notice] 1355#1355: signal 17 (SIGCHLD) received from 1381
2023/04/19 13:27:46 [notice] 1355#1355: worker process 1381 exited with code 0
2023/04/19 13:27:46 [notice] 1355#1355: worker process 1382 exited with code 0
2023/04/19 13:27:46 [notice] 1355#1355: worker process 1383 exited with code 0
2023/04/19 13:27:46 [notice] 1355#1355: signal 29 (SIGIO) received
2023/04/19 13:27:46 [notice] 1355#1355: signal 17 (SIGCHLD) received from 1384
2023/04/19 13:27:46 [notice] 1355#1355: worker process 1384 exited with code 0
2023/04/19 13:27:46 [notice] 1355#1355: exit
+ http_conf=/opt/appsmith/templates/nginx-app-http.conf.template.sh
+ https_conf=/opt/appsmith/templates/nginx-app-https.conf.template.sh
+ ssl_conf_path=/appsmith-stacks/data/certificate/conf
+ APP_TEMPLATE=/opt/appsmith/templates/nginx-app-http.conf.template.sh
+ mkdir -pv /appsmith-stacks/data/certificate/conf
+ cat
+ cat
+ [[ -z 'self' * ]]
+ export 'APPSMITH_ALLOWED_FRAME_ANCESTORS='\''self'\'' *'
+ APPSMITH_ALLOWED_FRAME_ANCESTORS=''\''self'\'' *'
+ [[ -z false ]]
+ [[ -n '' ]]
+ bash /opt/appsmith/templates/nginx-app-http.conf.template.sh ''
+ index_html_served=/opt/appsmith/editor/index.html
+ index_html_original=/opt/appsmith/index.html.original
+ [[ ! -f /opt/appsmith/index.html.original ]]
+ node -e '
const fs = require("fs")
const content = fs.readFileSync("/opt/appsmith/index.html.original", "utf8").replace(
  /\b__(APPSMITH_[A-Z0-9_]+)__\b/g,
  (placeholder, name) => (process.env[name] || "")
)
fs.writeFileSync("/opt/appsmith/editor/index.html", content)
'
+ exec nginx -g 'daemon off;error_log stderr info;'
2023/04/19 13:28:00 [notice] 1354#1354: using the "epoll" event method
2023/04/19 13:28:00 [notice] 1354#1354: nginx/1.18.0 (Ubuntu)
2023/04/19 13:28:00 [notice] 1354#1354: OS: Linux 5.15.49-linuxkit
2023/04/19 13:28:00 [notice] 1354#1354: getrlimit(RLIMIT_NOFILE): 1048576:1048576
2023/04/19 13:28:00 [notice] 1354#1354: start worker processes
2023/04/19 13:28:00 [notice] 1354#1354: start worker process 1385
2023/04/19 13:28:00 [notice] 1354#1354: start worker process 1386
2023/04/19 13:28:00 [notice] 1354#1354: start worker process 1387
2023/04/19 13:28:00 [notice] 1354#1354: start worker process 1388
