2023-04-20 17:35:54.617 UTC [1412] LOG:  starting PostgreSQL 13.10 (Ubuntu 13.10-1.pgdg20.04+1) on x86_64-pc-linux-gnu, compiled by gcc (Ubuntu 9.4.0-1ubuntu1~20.04.1) 9.4.0, 64-bit
2023-04-20 17:35:54.617 UTC [1412] LOG:  listening on IPv4 address "127.0.0.1", port 5432
2023-04-20 17:35:54.625 UTC [1412] LOG:  listening on Unix socket "/var/run/postgresql/.s.PGSQL.5432"
2023-04-20 17:35:54.655 UTC [1439] LOG:  database system was shut down at 2023-04-20 17:35:53 UTC
2023-04-20 17:35:54.688 UTC [1412] LOG:  database system is ready to accept connections
2023-04-20 18:30:09.150 UTC [1412] LOG:  received smart shutdown request
2023-04-20 18:30:09.158 UTC [1412] LOG:  background worker "logical replication launcher" (PID 1445) exited with exit code 1
2023-04-20 18:30:09.158 UTC [1440] LOG:  shutting down
2023-04-20 18:30:09.237 UTC [1412] LOG:  database system is shut down
2023-04-20 18:30:28.704 UTC [1358] LOG:  starting PostgreSQL 13.10 (Ubuntu 13.10-1.pgdg20.04+1) on x86_64-pc-linux-gnu, compiled by gcc (Ubuntu 9.4.0-1ubuntu1~20.04.1) 9.4.0, 64-bit
2023-04-20 18:30:28.704 UTC [1358] LOG:  listening on IPv4 address "127.0.0.1", port 5432
2023-04-20 18:30:28.712 UTC [1358] LOG:  listening on Unix socket "/var/run/postgresql/.s.PGSQL.5432"
2023-04-20 18:30:28.751 UTC [1397] LOG:  database system was shut down at 2023-04-20 18:30:09 UTC
2023-04-20 18:30:28.798 UTC [1358] LOG:  database system is ready to accept connections
2023-04-20 19:32:12.242 UTC [1358] LOG:  received smart shutdown request
2023-04-20 19:32:12.252 UTC [1358] LOG:  background worker "logical replication launcher" (PID 1408) exited with exit code 1
2023-04-20 19:32:12.252 UTC [1403] LOG:  shutting down
2023-04-20 19:32:12.373 UTC [1358] LOG:  database system is shut down
2023-04-20 20:55:08.408 UTC [1362] LOG:  starting PostgreSQL 13.10 (Ubuntu 13.10-1.pgdg20.04+1) on x86_64-pc-linux-gnu, compiled by gcc (Ubuntu 9.4.0-1ubuntu1~20.04.1) 9.4.0, 64-bit
2023-04-20 20:55:08.408 UTC [1362] LOG:  listening on IPv4 address "127.0.0.1", port 5432
2023-04-20 20:55:08.418 UTC [1362] LOG:  listening on Unix socket "/var/run/postgresql/.s.PGSQL.5432"
2023-04-20 20:55:08.447 UTC [1401] LOG:  database system was interrupted; last known up at 2023-04-20 20:26:34 UTC
2023-04-20 20:55:16.615 UTC [1401] LOG:  database system was not properly shut down; automatic recovery in progress
2023-04-20 20:55:16.655 UTC [1401] LOG:  redo starts at 0/17FAFF0
2023-04-20 20:55:16.655 UTC [1401] LOG:  invalid record length at 0/17FB0D8: wanted 24, got 0
2023-04-20 20:55:16.655 UTC [1401] LOG:  redo done at 0/17FB0A0
2023-04-20 20:55:16.806 UTC [1362] LOG:  database system is ready to accept connections
