Load environment configuration
Waiting for RTS to start ...
{"success":true}RTS started.
SLF4J: Class path contains multiple SLF4J providers.
SLF4J: Found provider [ch.qos.logback.classic.spi.LogbackServiceProvider@6d21714c]
SLF4J: Found provider [org.slf4j.reload4j.Reload4jServiceProvider@108c4c35]
SLF4J: See https://www.slf4j.org/codes.html#multiple_bindings for an explanation.
SLF4J: Actual provider is of type [ch.qos.logback.classic.spi.LogbackServiceProvider@6d21714c]
[2023-04-18 20:44:08,708]  - Starting ServerApplication vv1.9.13 using Java 17.0.6 with PID 1352 (/opt/appsmith/backend/server.jar started by root in /opt/appsmith/backend)
[2023-04-18 20:44:08,711]  - Running with Spring Boot v3.0.1, Spring v6.0.3
[2023-04-18 20:44:08,713]  - The following 1 profile is active: "production"
[2023-04-18 20:44:10,406]  - Multiple Spring Data modules found, entering strict repository configuration mode
[2023-04-18 20:44:10,407]  - Bootstrapping Spring Data Reactive MongoDB repositories in DEFAULT mode.
[2023-04-18 20:44:10,869]  - Finished Spring Data repository scanning in 454 ms. Found 54 Reactive MongoDB repository interfaces.
[2023-04-18 20:44:12,889]  - Bean 'org.springframework.security.config.annotation.method.configuration.ReactiveMethodSecurityConfiguration' of type [org.springframework.security.config.annotation.method.configuration.ReactiveMethodSecurityConfiguration] is not eligible for getting processed by all BeanPostProcessors (for example: not eligible for auto-proxying)
[2023-04-18 20:44:15,532]  - MongoClient with metadata {"driver": {"name": "mongo-java-driver|reactive-streams|spring-boot", "version": "4.8.1"}, "os": {"type": "Linux", "name": "Linux", "architecture": "amd64", "version": "5.10.16.3-microsoft-standard-WSL2"}, "platform": "Java/Eclipse Adoptium/17.0.6+10"} created with settings MongoClientSettings{readPreference=primary, writeConcern=WriteConcern{w=null, wTimeout=null ms, journal=null}, retryWrites=true, retryReads=true, readConcern=ReadConcern{level=null}, credential=MongoCredential{mechanism=null, userName='appsmith', source='appsmith', password=<hidden>, mechanismProperties=<hidden>}, streamFactoryFactory=NettyStreamFactoryFactory{eventLoopGroup=io.netty.channel.nio.NioEventLoopGroup@228cea97, socketChannelClass=class io.netty.channel.socket.nio.NioSocketChannel, allocator=PooledByteBufAllocator(directByDefault: true), sslContext=null}, commandListeners=[io.micrometer.core.instrument.binder.mongodb.MongoMetricsCommandListener@1eb2d371], codecRegistry=ProvidersCodecRegistry{codecProviders=[ValueCodecProvider{}, BsonValueCodecProvider{}, DBRefCodecProvider{}, DBObjectCodecProvider{}, DocumentCodecProvider{}, CollectionCodecProvider{}, IterableCodecProvider{}, MapCodecProvider{}, GeoJsonCodecProvider{}, GridFSFileCodecProvider{}, Jsr310CodecProvider{}, JsonObjectCodecProvider{}, BsonCodecProvider{}, EnumCodecProvider{}, com.mongodb.Jep395RecordCodecProvider@1d0a61c8]}, clusterSettings={hosts=[localhost:27017], srvServiceName=mongodb, mode=SINGLE, requiredClusterType=UNKNOWN, requiredReplicaSetName='null', serverSelector='null', clusterListeners='[]', serverSelectionTimeout='30000 ms', localThreshold='30000 ms'}, socketSettings=SocketSettings{connectTimeoutMS=10000, readTimeoutMS=0, receiveBufferSize=0, sendBufferSize=0}, heartbeatSocketSettings=SocketSettings{connectTimeoutMS=10000, readTimeoutMS=10000, receiveBufferSize=0, sendBufferSize=0}, connectionPoolSettings=ConnectionPoolSettings{maxSize=100, minSize=0, maxWaitTimeMS=120000, maxConnectionLifeTimeMS=0, maxConnectionIdleTimeMS=0, maintenanceInitialDelayMS=0, maintenanceFrequencyMS=60000, connectionPoolListeners=[io.micrometer.core.instrument.binder.mongodb.MongoMetricsConnectionPoolListener@28fd3dc1], maxConnecting=2}, serverSettings=ServerSettings{heartbeatFrequencyMS=10000, minHeartbeatFrequencyMS=500, serverListeners='[]', serverMonitorListeners='[]'}, sslSettings=SslSettings{enabled=false, invalidHostNameAllowed=false, context=null}, applicationName='null', compressorList=[], uuidRepresentation=JAVA_LEGACY, serverApi=null, autoEncryptionSettings=null, contextProvider=null}
[2023-04-18 20:44:15,636]  - Exception in monitor thread while connecting to server localhost:27017
com.mongodb.MongoSocketOpenException: Exception opening socket
	at com.mongodb.connection.netty.NettyStream$OpenChannelFutureListener.operationComplete(NettyStream.java:520)
	at com.mongodb.connection.netty.NettyStream$OpenChannelFutureListener.operationComplete(NettyStream.java:488)
	at io.netty.util.concurrent.DefaultPromise.notifyListener0(DefaultPromise.java:590)
	at io.netty.util.concurrent.DefaultPromise.notifyListeners0(DefaultPromise.java:583)
	at io.netty.util.concurrent.DefaultPromise.notifyListenersNow(DefaultPromise.java:559)
	at io.netty.util.concurrent.DefaultPromise.notifyListeners(DefaultPromise.java:492)
	at io.netty.util.concurrent.DefaultPromise.setValue0(DefaultPromise.java:636)
	at io.netty.util.concurrent.DefaultPromise.setFailure0(DefaultPromise.java:629)
	at io.netty.util.concurrent.DefaultPromise.tryFailure(DefaultPromise.java:118)
	at io.netty.channel.nio.AbstractNioChannel$AbstractNioUnsafe.fulfillConnectPromise(AbstractNioChannel.java:321)
	at io.netty.channel.nio.AbstractNioChannel$AbstractNioUnsafe.finishConnect(AbstractNioChannel.java:337)
	at io.netty.channel.nio.NioEventLoop.processSelectedKey(NioEventLoop.java:776)
	at io.netty.channel.nio.NioEventLoop.processSelectedKeysOptimized(NioEventLoop.java:724)
	at io.netty.channel.nio.NioEventLoop.processSelectedKeys(NioEventLoop.java:650)
	at io.netty.channel.nio.NioEventLoop.run(NioEventLoop.java:562)
	at io.netty.util.concurrent.SingleThreadEventExecutor$4.run(SingleThreadEventExecutor.java:997)
	at io.netty.util.internal.ThreadExecutorMap$2.run(ThreadExecutorMap.java:74)
	at io.netty.util.concurrent.FastThreadLocalRunnable.run(FastThreadLocalRunnable.java:30)
	at java.base/java.lang.Thread.run(Thread.java:833)
Caused by: io.netty.channel.AbstractChannel$AnnotatedConnectException: Connection refused: localhost/127.0.0.1:27017
Caused by: java.net.ConnectException: Connection refused
	at java.base/sun.nio.ch.Net.pollConnect(Native Method)
	at java.base/sun.nio.ch.Net.pollConnectNow(Net.java:672)
	at java.base/sun.nio.ch.SocketChannelImpl.finishConnect(SocketChannelImpl.java:946)
	at io.netty.channel.socket.nio.NioSocketChannel.doFinishConnect(NioSocketChannel.java:337)
	at io.netty.channel.nio.AbstractNioChannel$AbstractNioUnsafe.finishConnect(AbstractNioChannel.java:334)
	at io.netty.channel.nio.NioEventLoop.processSelectedKey(NioEventLoop.java:776)
	at io.netty.channel.nio.NioEventLoop.processSelectedKeysOptimized(NioEventLoop.java:724)
	at io.netty.channel.nio.NioEventLoop.processSelectedKeys(NioEventLoop.java:650)
	at io.netty.channel.nio.NioEventLoop.run(NioEventLoop.java:562)
	at io.netty.util.concurrent.SingleThreadEventExecutor$4.run(SingleThreadEventExecutor.java:997)
	at io.netty.util.internal.ThreadExecutorMap$2.run(ThreadExecutorMap.java:74)
	at io.netty.util.concurrent.FastThreadLocalRunnable.run(FastThreadLocalRunnable.java:30)
	at java.base/java.lang.Thread.run(Thread.java:833)
[2023-04-18 20:44:19,003]  - Enabled plugins: []
[2023-04-18 20:44:19,006]  - Disabled plugins: []
[2023-04-18 20:44:19,014]  - PF4J version 3.8.0 in 'deployment' mode
[2023-04-18 20:44:19,226]  - Plugin 'postgres-plugin@1.0-SNAPSHOT' resolved
[2023-04-18 20:44:19,226]  - Plugin 'saas-plugin@1.0-SNAPSHOT' resolved
[2023-04-18 20:44:19,226]  - Plugin 'snowflake-plugin@1.0-SNAPSHOT' resolved
[2023-04-18 20:44:19,226]  - Plugin 'elasticsearch-plugin@1.0-SNAPSHOT' resolved
[2023-04-18 20:44:19,226]  - Plugin 'mssql-plugin@1.0-SNAPSHOT' resolved
[2023-04-18 20:44:19,226]  - Plugin 'redshift-plugin@1.0-SNAPSHOT' resolved
[2023-04-18 20:44:19,226]  - Plugin 'mongo-plugin@1.0-SNAPSHOT' resolved
[2023-04-18 20:44:19,226]  - Plugin 'google-sheets-plugin@1.0-SNAPSHOT' resolved
[2023-04-18 20:44:19,226]  - Plugin 'js-plugin@1.0-SNAPSHOT' resolved
[2023-04-18 20:44:19,227]  - Plugin 'graphql-plugin@1.0-SNAPSHOT' resolved
[2023-04-18 20:44:19,227]  - Plugin 'smtp-plugin@1.0-SNAPSHOT' resolved
[2023-04-18 20:44:19,227]  - Plugin 'amazons3-plugin@1.0-SNAPSHOT' resolved
[2023-04-18 20:44:19,227]  - Plugin 'mysql-plugin@1.0-SNAPSHOT' resolved
[2023-04-18 20:44:19,227]  - Plugin 'dynamo-plugin@1.0-SNAPSHOT' resolved
[2023-04-18 20:44:19,227]  - Plugin 'arangodb-plugin@1.0-SNAPSHOT' resolved
[2023-04-18 20:44:19,227]  - Plugin 'restapi-plugin@1.0-SNAPSHOT' resolved
[2023-04-18 20:44:19,227]  - Plugin 'redis-plugin@1.0-SNAPSHOT' resolved
[2023-04-18 20:44:19,227]  - Plugin 'firestore-plugin@1.0-SNAPSHOT' resolved
[2023-04-18 20:44:19,227]  - Start plugin 'postgres-plugin@1.0-SNAPSHOT'
[2023-04-18 20:44:19,232]  - Start plugin 'saas-plugin@1.0-SNAPSHOT'
[2023-04-18 20:44:19,233]  - Start plugin 'snowflake-plugin@1.0-SNAPSHOT'
[2023-04-18 20:44:19,244]  - Start plugin 'elasticsearch-plugin@1.0-SNAPSHOT'
[2023-04-18 20:44:19,246]  - Start plugin 'mssql-plugin@1.0-SNAPSHOT'
[2023-04-18 20:44:19,248]  - Start plugin 'redshift-plugin@1.0-SNAPSHOT'
[2023-04-18 20:44:19,249]  - Start plugin 'mongo-plugin@1.0-SNAPSHOT'
[2023-04-18 20:44:19,255]  - Start plugin 'google-sheets-plugin@1.0-SNAPSHOT'
[2023-04-18 20:44:19,360]  - Start plugin 'js-plugin@1.0-SNAPSHOT'
[2023-04-18 20:44:19,363]  - Start plugin 'graphql-plugin@1.0-SNAPSHOT'
[2023-04-18 20:44:19,365]  - Start plugin 'smtp-plugin@1.0-SNAPSHOT'
[2023-04-18 20:44:19,366]  - Start plugin 'amazons3-plugin@1.0-SNAPSHOT'
[2023-04-18 20:44:19,370]  - Start plugin 'mysql-plugin@1.0-SNAPSHOT'
[2023-04-18 20:44:19,373]  - Start plugin 'dynamo-plugin@1.0-SNAPSHOT'
[2023-04-18 20:44:19,377]  - Start plugin 'arangodb-plugin@1.0-SNAPSHOT'
[2023-04-18 20:44:19,379]  - Start plugin 'restapi-plugin@1.0-SNAPSHOT'
[2023-04-18 20:44:19,382]  - Start plugin 'redis-plugin@1.0-SNAPSHOT'
[2023-04-18 20:44:19,385]  - Start plugin 'firestore-plugin@1.0-SNAPSHOT'
[2023-04-18 20:44:22,046]  - MongoClient with metadata {"driver": {"name": "mongo-java-driver|sync|spring-boot", "version": "4.8.1"}, "os": {"type": "Linux", "name": "Linux", "architecture": "amd64", "version": "5.10.16.3-microsoft-standard-WSL2"}, "platform": "Java/Eclipse Adoptium/17.0.6+10"} created with settings MongoClientSettings{readPreference=primary, writeConcern=WriteConcern{w=null, wTimeout=null ms, journal=null}, retryWrites=true, retryReads=true, readConcern=ReadConcern{level=null}, credential=MongoCredential{mechanism=null, userName='appsmith', source='appsmith', password=<hidden>, mechanismProperties=<hidden>}, streamFactoryFactory=NettyStreamFactoryFactory{eventLoopGroup=io.netty.channel.nio.NioEventLoopGroup@3a3ad8e7, socketChannelClass=class io.netty.channel.socket.nio.NioSocketChannel, allocator=PooledByteBufAllocator(directByDefault: true), sslContext=null}, commandListeners=[io.micrometer.core.instrument.binder.mongodb.MongoMetricsCommandListener@1eb2d371], codecRegistry=ProvidersCodecRegistry{codecProviders=[ValueCodecProvider{}, BsonValueCodecProvider{}, DBRefCodecProvider{}, DBObjectCodecProvider{}, DocumentCodecProvider{}, CollectionCodecProvider{}, IterableCodecProvider{}, MapCodecProvider{}, GeoJsonCodecProvider{}, GridFSFileCodecProvider{}, Jsr310CodecProvider{}, JsonObjectCodecProvider{}, BsonCodecProvider{}, EnumCodecProvider{}, com.mongodb.Jep395RecordCodecProvider@1d0a61c8]}, clusterSettings={hosts=[localhost:27017], srvServiceName=mongodb, mode=SINGLE, requiredClusterType=UNKNOWN, requiredReplicaSetName='null', serverSelector='null', clusterListeners='[]', serverSelectionTimeout='30000 ms', localThreshold='30000 ms'}, socketSettings=SocketSettings{connectTimeoutMS=10000, readTimeoutMS=0, receiveBufferSize=0, sendBufferSize=0}, heartbeatSocketSettings=SocketSettings{connectTimeoutMS=10000, readTimeoutMS=10000, receiveBufferSize=0, sendBufferSize=0}, connectionPoolSettings=ConnectionPoolSettings{maxSize=100, minSize=0, maxWaitTimeMS=120000, maxConnectionLifeTimeMS=0, maxConnectionIdleTimeMS=0, maintenanceInitialDelayMS=0, maintenanceFrequencyMS=60000, connectionPoolListeners=[io.micrometer.core.instrument.binder.mongodb.MongoMetricsConnectionPoolListener@28fd3dc1], maxConnecting=2}, serverSettings=ServerSettings{heartbeatFrequencyMS=10000, minHeartbeatFrequencyMS=500, serverListeners='[]', serverMonitorListeners='[]'}, sslSettings=SslSettings{enabled=false, invalidHostNameAllowed=false, context=null}, applicationName='null', compressorList=[], uuidRepresentation=JAVA_LEGACY, serverApi=null, autoEncryptionSettings=null, contextProvider=null}
[2023-04-18 20:44:22,132]  - Monitor thread successfully connected to server with description ServerDescription{address=localhost:27017, type=REPLICA_SET_PRIMARY, state=CONNECTED, ok=true, minWireVersion=0, maxWireVersion=13, maxDocumentSize=16777216, logicalSessionTimeoutMinutes=30, roundTripTimeNanos=75662966, setName='mr1', canonicalAddress=localhost:27017, hosts=[localhost:27017], passives=[], arbiters=[], primary='localhost:27017', tagSet=TagSet{[]}, electionId=7fffffff0000000000000014, setVersion=1, topologyVersion=TopologyVersion{processId=643f0115a84b107d1dcceba0, counter=6}, lastWriteDate=Tue Apr 18 20:44:15 UTC 2023, lastUpdateTimeNanos=7998720246387}
[2023-04-18 20:44:22,180]  - Mongock runner COMMUNITY version[5.1.6]
[2023-04-18 20:44:22,180]  - Running Mongock with NO metadata
[2023-04-18 20:44:22,180]  - Property transaction-enabled not provided. It will become true as default in next versions. Set explicit value to false in case transaction are not desired.
[2023-04-18 20:44:22,180]  - Property transaction-enabled not provided and is unknown if driver is transactionable. BY DEFAULT MONGOCK WILL RUN IN NO-TRANSACTION MODE.
[2023-04-18 20:44:22,319]  - Reflections took 111 ms to scan 1 urls, producing 3 keys and 10 values
[2023-04-18 20:44:22,376]  - Reflections took 18 ms to scan 1 urls, producing 3 keys and 10 values
[2023-04-18 20:44:22,709]  - Mongock trying to acquire the lock
[2023-04-18 20:44:22,750]  - Mongock acquired the lock until: Tue Apr 18 20:45:22 UTC 2023
[2023-04-18 20:44:22,751]  - Starting mongock lock daemon...
[2023-04-18 20:44:22,771]  - Mongock starting the data migration sequence id[2023-04-18T20:44:22.176538589-622]...
[2023-04-18 20:44:22,775]  - PASSED OVER - {"id"="initialize-schema-version", "type"="execution", "author"="", "class"="DatabaseChangelog0", "method"="initializeSchemaVersion"}
[2023-04-18 20:44:22,776]  - PASSED OVER - {"id"="initial-plugins", "type"="execution", "author"="", "class"="DatabaseChangelog1", "method"="initialPlugins"}
[2023-04-18 20:44:22,777]  - PASSED OVER - {"id"="remove-org-name-index", "type"="execution", "author"="", "class"="DatabaseChangelog1", "method"="removeOrgNameIndex"}
[2023-04-18 20:44:22,777]  - PASSED OVER - {"id"="initial-indexes", "type"="execution", "author"="", "class"="DatabaseChangelog1", "method"="addInitialIndexes"}
[2023-04-18 20:44:22,777]  - PASSED OVER - {"id"="application-deleted-at", "type"="execution", "author"="", "class"="DatabaseChangelog1", "method"="addApplicationDeletedAtFieldAndIndex"}
[2023-04-18 20:44:22,777]  - PASSED OVER - {"id"="hide-rapidapi-plugin", "type"="execution", "author"="", "class"="DatabaseChangelog1", "method"="hideRapidApiPluginFromCreateDatasource"}
[2023-04-18 20:44:22,778]  - PASSED OVER - {"id"="datasource-deleted-at", "type"="execution", "author"="", "class"="DatabaseChangelog1", "method"="addDatasourceDeletedAtFieldAndIndex"}
[2023-04-18 20:44:22,778]  - PASSED OVER - {"id"="page-deleted-at", "type"="execution", "author"="", "class"="DatabaseChangelog1", "method"="addPageDeletedAtFieldAndIndex"}
[2023-04-18 20:44:22,778]  - PASSED OVER - {"id"="friendly-plugin-names", "type"="execution", "author"="", "class"="DatabaseChangelog1", "method"="setFriendlyPluginNames"}
[2023-04-18 20:44:22,778]  - PASSED OVER - {"id"="add-delete-datasource-perm-existing-groups", "type"="execution", "author"="", "class"="DatabaseChangelog1", "method"="addDeleteDatasourcePermToExistingGroups"}
[2023-04-18 20:44:22,778]  - PASSED OVER - {"id"="install-default-plugins-to-all-organizations", "type"="execution", "author"="", "class"="DatabaseChangelog1", "method"="installDefaultPluginsToAllOrganizations"}
[2023-04-18 20:44:22,778]  - PASSED OVER - {"id"="ensure-datasource-created-and-updated-at-fields", "type"="execution", "author"="", "class"="DatabaseChangelog1", "method"="ensureDatasourceCreatedAndUpdatedAt"}
[2023-04-18 20:44:22,778]  - PASSED OVER - {"id"="add-index-for-sequence-name", "type"="execution", "author"="", "class"="DatabaseChangelog1", "method"="addIndexForSequenceName"}
[2023-04-18 20:44:22,778]  - PASSED OVER - {"id"="set-initial-sequence-for-datasource", "type"="execution", "author"="", "class"="DatabaseChangelog1", "method"="setInitialSequenceForDatasource"}
[2023-04-18 20:44:22,778]  - PASSED OVER - {"id"="set-plugin-image-and-docs-link", "type"="execution", "author"="", "class"="DatabaseChangelog1", "method"="setPluginImageAndDocsLink"}
[2023-04-18 20:44:22,778]  - PASSED OVER - {"id"="fix-double-escapes", "type"="execution", "author"="", "class"="DatabaseChangelog1", "method"="fixDoubleEscapes"}
[2023-04-18 20:44:22,778]  - PASSED OVER - {"id"="encrypt-password", "type"="execution", "author"="", "class"="DatabaseChangelog1", "method"="encryptPassword"}
[2023-04-18 20:44:22,778]  - PASSED OVER - {"id"="install-mysql-plugins", "type"="execution", "author"="", "class"="DatabaseChangelog1", "method"="mysqlPlugin"}
[2023-04-18 20:44:22,778]  - PASSED OVER - {"id"="update-database-documentation-links", "type"="execution", "author"="", "class"="DatabaseChangelog1", "method"="updateDatabaseDocumentationLinks"}
[2023-04-18 20:44:22,778]  - PASSED OVER - {"id"="execute-action-for-read-action", "type"="execution", "author"="", "class"="DatabaseChangelog1", "method"="giveExecutePermissionToReadActionUsers"}
[2023-04-18 20:44:22,778]  - PASSED OVER - {"id"="invite-and-public-permissions", "type"="execution", "author"="", "class"="DatabaseChangelog1", "method"="giveInvitePermissionToOrganizationsAndPublicPermissionsToApplications"}
[2023-04-18 20:44:22,778]  - PASSED OVER - {"id"="generate-unique-id-for-instance", "type"="execution", "author"="", "class"="DatabaseChangelog1", "method"="generateUniqueIdForInstance"}
[2023-04-18 20:44:22,779]  - PASSED OVER - {"id"="fix-password-reset-token-expiration", "type"="execution", "author"="", "class"="DatabaseChangelog1", "method"="fixTokenExpiration"}
[2023-04-18 20:44:22,779]  - PASSED OVER - {"id"="add-elastic-search-plugin", "type"="execution", "author"="", "class"="DatabaseChangelog1", "method"="addElasticSearchPlugin"}
[2023-04-18 20:44:22,779]  - PASSED OVER - {"id"="add-dynamo-plugin", "type"="execution", "author"="", "class"="DatabaseChangelog1", "method"="addDynamoPlugin"}
[2023-04-18 20:44:22,779]  - PASSED OVER - {"id"="use-png-logos", "type"="execution", "author"="", "class"="DatabaseChangelog1", "method"="usePngLogos"}
[2023-04-18 20:44:22,779]  - PASSED OVER - {"id"="add-redis-plugin", "type"="execution", "author"="", "class"="DatabaseChangelog1", "method"="addRedisPlugin"}
[2023-04-18 20:44:22,779]  - PASSED OVER - {"id"="add-msSql-plugin", "type"="execution", "author"="", "class"="DatabaseChangelog1", "method"="addMsSqlPlugin"}
[2023-04-18 20:44:22,779]  - PASSED OVER - {"id"="createNewPageIndexAfterDroppingNewPage", "type"="execution", "author"="", "class"="DatabaseChangelog1", "method"="addNewPageIndexAfterDroppingNewPage"}
[2023-04-18 20:44:22,779]  - PASSED OVER - {"id"="createNewActionIndexAfterDroppingNewAction", "type"="execution", "author"="", "class"="DatabaseChangelog1", "method"="addNewActionIndexAfterDroppingNewAction"}
[2023-04-18 20:44:22,779]  - PASSED OVER - {"id"="migrate-page-and-actions", "type"="execution", "author"="", "class"="DatabaseChangelog1", "method"="migratePage"}
[2023-04-18 20:44:22,779]  - PASSED OVER - {"id"="new-page-new-action-add-indexes", "type"="execution", "author"="", "class"="DatabaseChangelog1", "method"="addNewPageAndNewActionNewIndexes"}
[2023-04-18 20:44:22,779]  - PASSED OVER - {"id"="new-action-add-index-pageId", "type"="execution", "author"="", "class"="DatabaseChangelog1", "method"="addNewActionIndexForPageId"}
[2023-04-18 20:44:22,779]  - PASSED OVER - {"id"="update-action-index-to-single-multiple-indices", "type"="execution", "author"="", "class"="DatabaseChangelog1", "method"="updateActionIndexToSingleMultipleIndices"}
[2023-04-18 20:44:22,779]  - PASSED OVER - {"id"="add-firestore-plugin", "type"="execution", "author"="", "class"="DatabaseChangelog1", "method"="addFirestorePlugin"}
[2023-04-18 20:44:22,779]  - PASSED OVER - {"id"="ensure-app-icons-and-colors", "type"="execution", "author"="", "class"="DatabaseChangelog1", "method"="ensureAppIconsAndColors"}
[2023-04-18 20:44:22,779]  - PASSED OVER - {"id"="update-authentication-type", "type"="execution", "author"="", "class"="DatabaseChangelog1", "method"="updateAuthenticationTypes"}
[2023-04-18 20:44:22,780]  - PASSED OVER - {"id"="add-isSendSessionEnabled-key-for-datasources", "type"="execution", "author"="", "class"="DatabaseChangelog1", "method"="addIsSendSessionEnabledPropertyInDatasources"}
[2023-04-18 20:44:22,780]  - PASSED OVER - {"id"="add-redshift-plugin", "type"="execution", "author"="", "class"="DatabaseChangelog1", "method"="addRedshiftPlugin"}
[2023-04-18 20:44:22,780]  - PASSED OVER - {"id"="clear-userdata-collection", "type"="execution", "author"="", "class"="DatabaseChangelog1", "method"="clearUserDataCollection"}
[2023-04-18 20:44:22,780]  - PASSED OVER - {"id"="update-database-documentation-links-v1-2-1", "type"="execution", "author"="", "class"="DatabaseChangelog1", "method"="updateDatabaseDocumentationLinks_v1_2_1"}
[2023-04-18 20:44:22,780]  - PASSED OVER - {"id"="add-amazons3-plugin", "type"="execution", "author"="", "class"="DatabaseChangelog1", "method"="addAmazonS3Plugin"}
[2023-04-18 20:44:22,780]  - PASSED OVER - {"id"="add-app-viewer-invite-policy", "type"="execution", "author"="", "class"="DatabaseChangelog1", "method"="addAppViewerInvitePolicy"}
[2023-04-18 20:44:22,780]  - PASSED OVER - {"id"="update-plugin-datasource-form-components", "type"="execution", "author"="", "class"="DatabaseChangelog1", "method"="updatePluginDatasourceFormComponents"}
[2023-04-18 20:44:22,780]  - PASSED OVER - {"id"="update-database-encode-params-toggle", "type"="execution", "author"="", "class"="DatabaseChangelog1", "method"="updateEncodeParamsToggle"}
[2023-04-18 20:44:22,780]  - PASSED OVER - {"id"="update-postgres-plugin-preparedStatement-config", "type"="execution", "author"="", "class"="DatabaseChangelog1", "method"="updatePostgresActionsSetPreparedStatementConfiguration"}
[2023-04-18 20:44:22,780]  - PASSED OVER - {"id"="fix-dynamicBindingPathListForActions", "type"="execution", "author"="", "class"="DatabaseChangelog1", "method"="fixDynamicBindingPathListForExistingActions"}
[2023-04-18 20:44:22,780]  - PASSED OVER - {"id"="update-database-action-configuration-timeout", "type"="execution", "author"="", "class"="DatabaseChangelog1", "method"="updateActionConfigurationTimeout"}
[2023-04-18 20:44:22,780]  - PASSED OVER - {"id"="update-s3-datasource-configuration-and-label", "type"="execution", "author"="", "class"="DatabaseChangelog1", "method"="updateS3DatasourceConfigurationAndLabel"}
[2023-04-18 20:44:22,780]  - PASSED OVER - {"id"="change-applayout-type-definition", "type"="execution", "author"="", "class"="DatabaseChangelog1", "method"="changeAppLayoutTypeDefinition"}
[2023-04-18 20:44:22,780]  - PASSED OVER - {"id"="update-mysql-postgres-mongo-ssl-mode", "type"="execution", "author"="", "class"="DatabaseChangelog1", "method"="updateMysqlPostgresMongoSslMode"}
[2023-04-18 20:44:22,780]  - PASSED OVER - {"id"="add-commenting-permissions", "type"="execution", "author"="", "class"="DatabaseChangelog1", "method"="addCommentingPermissions"}
[2023-04-18 20:44:22,780]  - PASSED OVER - {"id"="add-google-sheets-plugin", "type"="execution", "author"="", "class"="DatabaseChangelog1", "method"="addGoogleSheetsPlugin"}
[2023-04-18 20:44:22,780]  - PASSED OVER - {"id"="mark-instance-unregistered", "type"="execution", "author"="", "class"="DatabaseChangelog1", "method"="markInstanceAsUnregistered"}
[2023-04-18 20:44:22,780]  - PASSED OVER - {"id"="create-entry-in-sequence-per-organization-for-datasource", "type"="execution", "author"="", "class"="DatabaseChangelog1", "method"="createEntryInSequencePerOrganizationForDatasource"}
[2023-04-18 20:44:22,781]  - PASSED OVER - {"id"="migrate-smartSubstitution-dataType", "type"="execution", "author"="", "class"="DatabaseChangelog1", "method"="migrateSmartSubstitutionDataTypeBoolean"}
[2023-04-18 20:44:22,781]  - PASSED OVER - {"id"="update-mongo-import-from-srv-field", "type"="execution", "author"="", "class"="DatabaseChangelog1", "method"="updateMongoImportFromSrvField"}
[2023-04-18 20:44:22,781]  - PASSED OVER - {"id"="delete-mongo-datasource-structures", "type"="execution", "author"="", "class"="DatabaseChangelog1", "method"="deleteMongoDatasourceStructures"}
[2023-04-18 20:44:22,781]  - PASSED OVER - {"id"="set-mongo-actions-type-to-raw", "type"="execution", "author"="", "class"="DatabaseChangelog1", "method"="setMongoActionInputToRaw"}
[2023-04-18 20:44:22,781]  - PASSED OVER - {"id"="update-firestore-where-conditions-data", "type"="execution", "author"="", "class"="DatabaseChangelog1", "method"="updateFirestoreWhereConditionsData"}
[2023-04-18 20:44:22,781]  - PASSED OVER - {"id"="add-application-export-permissions", "type"="execution", "author"="", "class"="DatabaseChangelog1", "method"="addApplicationExportPermissions"}
[2023-04-18 20:44:22,781]  - PASSED OVER - {"id"="add-snowflake-plugin", "type"="execution", "author"="", "class"="DatabaseChangelog1", "method"="addSnowflakePlugin"}
[2023-04-18 20:44:22,781]  - PASSED OVER - {"id"="mongo-form-merge-update-commands", "type"="execution", "author"="", "class"="DatabaseChangelog1", "method"="migrateUpdateOneToUpdateManyMongoFormCommand"}
[2023-04-18 20:44:22,782]  - PASSED OVER - {"id"="ensure-user-created-and-updated-at-fields", "type"="execution", "author"="", "class"="DatabaseChangelog1", "method"="ensureUserCreatedAndUpdatedAt"}
[2023-04-18 20:44:22,782]  - PASSED OVER - {"id"="add-and-update-order-for-all-pages", "type"="execution", "author"="", "class"="DatabaseChangelog1", "method"="addOrderToAllPagesOfApplication"}
[2023-04-18 20:44:22,782]  - PASSED OVER - {"id"="mongo-form-migrate-raw", "type"="execution", "author"="", "class"="DatabaseChangelog1", "method"="migrateRawInputTypeToRawCommand"}
[2023-04-18 20:44:22,782]  - PASSED OVER - {"id"="add-arangodb-plugin", "type"="execution", "author"="", "class"="DatabaseChangelog1", "method"="addArangoDBPlugin"}
[2023-04-18 20:44:22,782]  - PASSED OVER - {"id"="set-svg-logo-to-plugins", "type"="execution", "author"="", "class"="DatabaseChangelog1", "method"="setSvgLogoToPluginIcons"}
[2023-04-18 20:44:22,783]  - PASSED OVER - {"id"="remove-order-field-from-application- pages", "type"="execution", "author"="", "class"="DatabaseChangelog1", "method"="removePageOrderFieldFromApplicationPages"}
[2023-04-18 20:44:22,783]  - PASSED OVER - {"id"="create-plugin-reference-for-genarate-CRUD-page", "type"="execution", "author"="", "class"="DatabaseChangelog1", "method"="createPluginReferenceForGenerateCRUDPage"}
[2023-04-18 20:44:22,783]  - PASSED OVER - {"id"="encrypt-certificate", "type"="execution", "author"="", "class"="DatabaseChangelog1", "method"="encryptCertificateAndPassword"}
[2023-04-18 20:44:22,783]  - PASSED OVER - {"id"="create-plugin-reference-for-S3-GSheet-genarate-CRUD-page", "type"="execution", "author"="", "class"="DatabaseChangelog1", "method"="createPluginReferenceForS3AndGSheetGenerateCRUDPage"}
[2023-04-18 20:44:22,784]  - PASSED OVER - {"id"="application-git-metadata", "type"="execution", "author"="", "class"="DatabaseChangelog1", "method"="addApplicationGitMetadataFieldAndIndex"}
[2023-04-18 20:44:22,785]  - PASSED OVER - {"id"="add-js-plugin", "type"="execution", "author"="", "class"="DatabaseChangelog1", "method"="addJSPlugin"}
[2023-04-18 20:44:22,785]  - PASSED OVER - {"id"="update-google-sheet-plugin-smartSubstitution-config", "type"="execution", "author"="", "class"="DatabaseChangelog1", "method"="updateGoogleSheetActionsSetSmartSubstitutionConfiguration"}
[2023-04-18 20:44:22,785]  - PASSED OVER - {"id"="uninstall-mongo-uqi-plugin", "type"="execution", "author"="", "class"="DatabaseChangelog1", "method"="uninstallMongoUqiPluginAndRemoveAllActions"}
[2023-04-18 20:44:22,785]  - PASSED OVER - {"id"="migrate-mongo-to-uqi", "type"="execution", "author"="", "class"="DatabaseChangelog1", "method"="migrateMongoPluginToUqi"}
[2023-04-18 20:44:22,786]  - PASSED OVER - {"id"="migrate-mongo-uqi-dynamicBindingPathList", "type"="execution", "author"="", "class"="DatabaseChangelog1", "method"="migrateMongoPluginDynamicBindingListUqi"}
[2023-04-18 20:44:22,786]  - PASSED OVER - {"id"="update-plugin-package-name-index", "type"="execution", "author"="", "class"="DatabaseChangelog1", "method"="updatePluginPackageNameIndexToPluginNamePackageNameAndVersion"}
[2023-04-18 20:44:22,786]  - PASSED OVER - {"id"="delete-orphan-actions", "type"="execution", "author"="", "class"="DatabaseChangelog1", "method"="deleteOrphanActions"}
[2023-04-18 20:44:22,786]  - PASSED OVER - {"id"="migrate-old-app-color-to-new-colors", "type"="execution", "author"="", "class"="DatabaseChangelog1", "method"="migrateOldAppColorsToNewColors"}
[2023-04-18 20:44:22,786]  - PASSED OVER - {"id"="update-s3-permanent-url-toggle-default-value", "type"="execution", "author"="", "class"="DatabaseChangelog1", "method"="updateS3PermanentUrlToggleDefaultValue"}
[2023-04-18 20:44:22,786]  - PASSED OVER - {"id"="application-git-metadata-index", "type"="execution", "author"="", "class"="DatabaseChangelog1", "method"="updateGitApplicationMetadataIndex"}
[2023-04-18 20:44:22,786]  - PASSED OVER - {"id"="migrate-s3-to-uqi", "type"="execution", "author"="", "class"="DatabaseChangelog1", "method"="migrateS3PluginToUqi"}
[2023-04-18 20:44:22,786]  - PASSED OVER - {"id"="set-slug-to-application-and-page", "type"="execution", "author"="", "class"="DatabaseChangelog1", "method"="setSlugToApplicationAndPage"}
[2023-04-18 20:44:22,786]  - PASSED OVER - {"id"="update-list-widget-trigger-paths", "type"="execution", "author"="", "class"="DatabaseChangelog1", "method"="removeUnusedTriggerPathsListWidget"}
[2023-04-18 20:44:22,786]  - PASSED OVER - {"id"="update-s3-action-configuration-for-type", "type"="execution", "author"="", "class"="DatabaseChangelog1", "method"="updateS3ActionConfigurationBodyForContentTypeSupport"}
[2023-04-18 20:44:22,786]  - PASSED OVER - {"id"="fix-ispublic-is-false-for-public-apps", "type"="execution", "author"="", "class"="DatabaseChangelog1", "method"="fixIsPublicIsSetFalseWhenAppIsPublic"}
[2023-04-18 20:44:22,786]  - PASSED OVER - {"id"="update-js-action-client-side-execution", "type"="execution", "author"="", "class"="DatabaseChangelog1", "method"="updateJsActionsClientSideExecution"}
[2023-04-18 20:44:22,786]  - PASSED OVER - {"id"="add-smtp-plugin", "type"="execution", "author"="", "class"="DatabaseChangelog1", "method"="addSmtpPluginPlugin"}
[2023-04-18 20:44:22,786]  - PASSED OVER - {"id"="update-mockdb-endpoint", "type"="execution", "author"="", "class"="DatabaseChangelog1", "method"="updateMockdbEndpoint"}
[2023-04-18 20:44:22,787]  - PASSED OVER - {"id"="add-google-sheets-plugin-name", "type"="execution", "author"="", "class"="DatabaseChangelog1", "method"="addPluginNameForGoogleSheets"}
[2023-04-18 20:44:22,787]  - PASSED OVER - {"id"="insert-default-resources", "type"="execution", "author"="", "class"="DatabaseChangelog1", "method"="insertDefaultResources"}
[2023-04-18 20:44:22,787]  - PASSED OVER - {"id"="flush-spring-redis-keys", "type"="execution", "author"="", "class"="DatabaseChangelog1", "method"="clearRedisCache"}
[2023-04-18 20:44:22,787]  - PASSED OVER - {"id"="migrate-firestore-to-uqi", "type"="execution", "author"="", "class"="DatabaseChangelog1", "method"="migrateFirestorePluginToUqi"}
[2023-04-18 20:44:22,787]  - PASSED OVER - {"id"="migrate-firestore-to-uqi-2", "type"="execution", "author"="", "class"="DatabaseChangelog1", "method"="migrateFirestorePluginToUqi2"}
[2023-04-18 20:44:22,788]  - PASSED OVER - {"id"="migrate-firestore-pagination-data", "type"="execution", "author"="", "class"="DatabaseChangelog1", "method"="migrateFirestorePaginationData"}
[2023-04-18 20:44:22,788]  - PASSED OVER - {"id"="update-mongodb-mockdb-endpoint", "type"="execution", "author"="", "class"="DatabaseChangelog1", "method"="updateMongoMockdbEndpoint"}
[2023-04-18 20:44:22,788]  - PASSED OVER - {"id"="migrate-firestore-to-uqi-3", "type"="execution", "author"="", "class"="DatabaseChangelog1", "method"="migrateFirestorePluginToUqi3"}
[2023-04-18 20:44:22,789]  - PASSED OVER - {"id"="create-system-themes", "type"="execution", "author"="", "class"="DatabaseChangelog1", "method"="createSystemThemes"}
[2023-04-18 20:44:22,789]  - PASSED OVER - {"id"="add-limit-field-data-to-mongo-aggregate-cmd", "type"="execution", "author"="", "class"="DatabaseChangelog1", "method"="addLimitFieldDataToMongoAggregateCommand"}
[2023-04-18 20:44:22,790]  - PASSED OVER - {"id"="update-index-for-git", "type"="execution", "author"="", "class"="DatabaseChangelog1", "method"="updateGitIndexes"}
[2023-04-18 20:44:22,791]  - PASSED OVER - {"id"="update-mockdb-endpoint-2", "type"="execution", "author"="", "class"="DatabaseChangelog1", "method"="updateMockdbEndpoint2"}
[2023-04-18 20:44:22,791]  - PASSED OVER - {"id"="migrate-from-RSA-SHA1-to-ECDSA-SHA2-protocol-for-key-generation", "type"="execution", "author"="", "class"="DatabaseChangelog1", "method"="migrateFromRSASha1ToECDSASha2Protocol"}
[2023-04-18 20:44:22,791]  - PASSED OVER - {"id"="use-assets-cdn-for-plugin-icons", "type"="execution", "author"="", "class"="DatabaseChangelog1", "method"="useAssetsCDNForPluginIcons"}
[2023-04-18 20:44:22,791]  - PASSED OVER - {"id"="update-index-for-newAction-actionCollection-userData", "type"="execution", "author"="", "class"="DatabaseChangelog1", "method"="updateNewActionActionCollectionAndUserDataIndexes"}
[2023-04-18 20:44:22,792]  - PASSED OVER - {"id"="mark-mssql-crud-unavailable", "type"="execution", "author"="", "class"="DatabaseChangelog1", "method"="markMSSQLCrudUnavailable"}
[2023-04-18 20:44:22,792]  - PASSED OVER - {"id"="update-index-for-newAction-actionCollection", "type"="execution", "author"="", "class"="DatabaseChangelog1", "method"="updateNewActionActionCollectionIndexes"}
[2023-04-18 20:44:22,792]  - PASSED OVER - {"id"="create-system-themes-v2", "type"="execution", "author"="", "class"="DatabaseChangelog1", "method"="createSystemThemes2"}
[2023-04-18 20:44:22,792]  - PASSED OVER - {"id"="set-firestore-smart-substitution-to-false-for-old-cmds", "type"="execution", "author"="", "class"="DatabaseChangelog1", "method"="setFirestoreSmartSubstitutionToFalseForOldCommands"}
[2023-04-18 20:44:22,793]  - PASSED OVER - {"id"="fix-plugin-title-casing", "type"="execution", "author"="", "class"="DatabaseChangelog2", "method"="fixPluginTitleCasing"}
[2023-04-18 20:44:22,793]  - PASSED OVER - {"id"="deprecate-archivedAt-in-action", "type"="execution", "author"="", "class"="DatabaseChangelog2", "method"="deprecateArchivedAtForNewAction"}
[2023-04-18 20:44:22,793]  - PASSED OVER - {"id"="update-form-data-for-uqi-mode", "type"="execution", "author"="", "class"="DatabaseChangelog2", "method"="updateActionFormDataPath"}
[2023-04-18 20:44:22,794]  - PASSED OVER - {"id"="add-isConfigured-flag-for-all-datasources", "type"="execution", "author"="", "class"="DatabaseChangelog2", "method"="updateIsConfiguredFlagForAllTheExistingDatasources"}
[2023-04-18 20:44:22,794]  - PASSED OVER - {"id"="set-application-version", "type"="execution", "author"="", "class"="DatabaseChangelog2", "method"="setDefaultApplicationVersion"}
[2023-04-18 20:44:22,795]  - PASSED OVER - {"id"="delete-orphan-pages", "type"="execution", "author"="", "class"="DatabaseChangelog2", "method"="deleteOrphanPages"}
[2023-04-18 20:44:22,795]  - PASSED OVER - {"id"="update-git-indexes", "type"="execution", "author"="", "class"="DatabaseChangelog2", "method"="addIndexesForGit"}
[2023-04-18 20:44:22,795]  - PASSED OVER - {"id"="update-organization-slugs", "type"="execution", "author"="", "class"="DatabaseChangelog2", "method"="updateOrganizationSlugs"}
[2023-04-18 20:44:22,795]  - PASSED OVER - {"id"="copy-organization-to-workspaces", "type"="execution", "author"="", "class"="DatabaseChangelog2", "method"="copyOrganizationToWorkspaces"}
[2023-04-18 20:44:22,795]  - PASSED OVER - {"id"="add-workspace-indexes", "type"="execution", "author"="", "class"="DatabaseChangelog2", "method"="addWorkspaceIndexes"}
[2023-04-18 20:44:22,796]  - PASSED OVER - {"id"="update-sequence-names-from-organization-to-workspace", "type"="execution", "author"="", "class"="DatabaseChangelog2", "method"="updateSequenceNamesFromOrganizationToWorkspace"}
[2023-04-18 20:44:22,796]  - PASSED OVER - {"id"="add-default-tenant", "type"="execution", "author"="", "class"="DatabaseChangelog2", "method"="addDefaultTenant"}
[2023-04-18 20:44:22,796]  - PASSED OVER - {"id"="add-tenant-to-all-workspaces", "type"="execution", "author"="", "class"="DatabaseChangelog2", "method"="addTenantToWorkspaces"}
[2023-04-18 20:44:22,796]  - PASSED OVER - {"id"="add-tenant-to-all-users-and-flush-redis", "type"="execution", "author"="", "class"="DatabaseChangelog2", "method"="addTenantToUsersAndFlushRedis"}
[2023-04-18 20:44:22,796]  - PASSED OVER - {"id"="migrate-organizationId-to-workspaceId-in-domain-objects", "type"="execution", "author"="", "class"="DatabaseChangelog2", "method"="migrateOrganizationIdToWorkspaceIdInDomainObjects"}
[2023-04-18 20:44:22,796]  - PASSED OVER - {"id"="organization-to-workspace-indexes-recreate", "type"="execution", "author"="", "class"="DatabaseChangelog2", "method"="organizationToWorkspaceIndexesRecreate"}
[2023-04-18 20:44:22,796]  - PASSED OVER - {"id"="migrate-permission-in-user", "type"="execution", "author"="", "class"="DatabaseChangelog2", "method"="migratePermissionsInUser"}
[2023-04-18 20:44:22,796]  - PASSED OVER - {"id"="migrate-permission-in-workspace", "type"="execution", "author"="", "class"="DatabaseChangelog2", "method"="migratePermissionsInWorkspace"}
[2023-04-18 20:44:22,796]  - PASSED OVER - {"id"="migrate-organizationId-to-workspaceId-in-newaction-datasource", "type"="execution", "author"="", "class"="DatabaseChangelog2", "method"="migrateOrganizationIdToWorkspaceIdInNewActionDatasource"}
[2023-04-18 20:44:22,796]  - PASSED OVER - {"id"="migrate-google-sheets-to-uqi", "type"="execution", "author"="", "class"="DatabaseChangelog2", "method"="migrateGoogleSheetsToUqi"}
[2023-04-18 20:44:22,797]  - PASSED OVER - {"id"="flush-spring-redis-keys-2a", "type"="execution", "author"="", "class"="DatabaseChangelog2", "method"="clearRedisCache2"}
[2023-04-18 20:44:22,797]  - PASSED OVER - {"id"="fix-deleted-themes-when-git-branch-deleted", "type"="execution", "author"="", "class"="DatabaseChangelog2", "method"="fixDeletedThemesWhenGitBranchDeleted"}
[2023-04-18 20:44:22,797]  - PASSED OVER - {"id"="add-anonymousUser", "type"="execution", "author"="", "class"="DatabaseChangelog2", "method"="addAnonymousUser"}
[2023-04-18 20:44:22,797]  - PASSED OVER - {"id"="add-default-permission-groups", "type"="execution", "author"="", "class"="DatabaseChangelog2", "method"="addDefaultPermissionGroups"}
[2023-04-18 20:44:22,797]  - PASSED OVER - {"id"="mark-public-apps", "type"="execution", "author"="", "class"="DatabaseChangelog2", "method"="markPublicApps"}
[2023-04-18 20:44:22,797]  - PASSED OVER - {"id"="mark-workspaces-for-inheritance", "type"="execution", "author"="", "class"="DatabaseChangelog2", "method"="markWorkspacesForInheritance"}
[2023-04-18 20:44:22,797]  - PASSED OVER - {"id"="inherit-policies-to-every-child-object", "type"="execution", "author"="", "class"="DatabaseChangelog2", "method"="inheritPoliciesToEveryChildObject"}
[2023-04-18 20:44:22,797]  - PASSED OVER - {"id"="make-applications-public", "type"="execution", "author"="", "class"="DatabaseChangelog2", "method"="makeApplicationsPublic"}
[2023-04-18 20:44:22,797]  - PASSED OVER - {"id"="add-instance-config-object", "type"="execution", "author"="", "class"="DatabaseChangelog2", "method"="addInstanceConfigurationPlaceHolder"}
[2023-04-18 20:44:22,797]  - PASSED OVER - {"id"="add-anonymous-user-permission-group", "type"="execution", "author"="", "class"="DatabaseChangelog2", "method"="addAnonymousUserPermissionGroup"}
[2023-04-18 20:44:22,935]  - method[createSystemThemes3] with arguments: [org.springframework.data.mongodb.core.MongoTemplate]
[2023-04-18 20:44:23,618]  - RE-APPLIED - {"id"="create-system-themes-v3", "type"="execution", "author"="", "class"="DatabaseChangelog2", "method"="createSystemThemes3"}
[2023-04-18 20:44:23,618]  - PASSED OVER - {"id"="update-bad-theme-state", "type"="execution", "author"="", "class"="DatabaseChangelog2", "method"="updateBadThemeState"}
[2023-04-18 20:44:23,618]  - PASSED OVER - {"id"="migrate-public-apps-single-pg", "type"="execution", "author"="", "class"="DatabaseChangelog2", "method"="migratePublicAppsSinglePg"}
[2023-04-18 20:44:23,618]  - PASSED OVER - {"id"="add-tenant-admin-permissions-instance-admin", "type"="execution", "author"="", "class"="DatabaseChangelog2", "method"="addTenantAdminPermissionsToInstanceAdmin"}
[2023-04-18 20:44:23,618]  - PASSED OVER - {"id"="add-graphql-plugin", "type"="execution", "author"="", "class"="DatabaseChangelog2", "method"="addGraphQLPlugin"}
[2023-04-18 20:44:23,619]  - PASSED OVER - {"id"="install-graphql-plugin-to-remaining-workspaces", "type"="execution", "author"="", "class"="DatabaseChangelog2", "method"="reInstallGraphQLPluginToWorkspaces"}
[2023-04-18 20:44:23,619]  - PASSED OVER - {"id"="indices-recommended-by-mongodb-cloud", "type"="execution", "author"="", "class"="DatabaseChangelog2", "method"="addIndicesRecommendedByMongoCloud"}
[2023-04-18 20:44:23,619]  - PASSED OVER - {"id"="delete-rapid-api-plugin-related-items", "type"="execution", "author"="", "class"="DatabaseChangelog2", "method"="deleteRapidApiPluginRelatedItems"}
[2023-04-18 20:44:23,619]  - PASSED OVER - {"id"="add-unique-index-for-uidstring", "type"="execution", "author"="", "class"="DatabaseChangelog2", "method"="addUniqueIndexOnUidString"}
[2023-04-18 20:44:23,619]  - PASSED OVER - {"id"="change-readPermissionGroup-to-readPermissionGroupMembers", "type"="execution", "author"="", "class"="DatabaseChangelog2", "method"="modifyReadPermissionGroupToReadPermissionGroupMembers"}
[2023-04-18 20:44:23,619]  - PASSED OVER - {"id"="remove-preferred-ssl-mode-from-mysql", "type"="execution", "author"="", "class"="DatabaseChangelog2", "method"="changeSSLModeFromPreferredToDefaultForMySQLPlugin"}
[2023-04-18 20:44:23,619]  - PASSED OVER - {"id"="remove-usage-pulses-for-appsmith-cloud", "type"="execution", "author"="", "class"="DatabaseChangelog2", "method"="removeUsagePulsesForAppsmithCloud"}
[2023-04-18 20:44:23,619]  - PASSED OVER - {"id"="delete-permissions-in-permissionGroups", "type"="execution", "author"="", "class"="DatabaseChangelog2", "method"="deletePermissionsInPermissionGroups"}
[2023-04-18 20:44:23,619]  - PASSED OVER - {"id"="add-ssl-mode-settings-for-existing-mssql-datasources", "type"="execution", "author"="", "class"="DatabaseChangelog2", "method"="addSslModeSettingsForExistingMssqlDatasource"}
[2023-04-18 20:44:23,626]  - method[updateSuperUsers] with arguments: [org.springframework.data.mongodb.core.MongoTemplate, com.appsmith.server.repositories.CacheableRepositoryHelper]
[2023-04-18 20:44:23,701]  - RE-APPLIED - {"id"="update-super-users", "type"="execution", "author"="", "class"="DatabaseChangelog2", "method"="updateSuperUsers"}
[2023-04-18 20:44:23,701]  - PASSED OVER - {"id"="create-indices-on-permissions-for-performance", "type"="execution", "author"="", "class"="DatabaseChangelog2", "method"="addPermissionGroupIndex"}
[2023-04-18 20:44:23,705]  - method[com.appsmith.server.migrations.db.ce.Migration003PermissionGroupDefaultWorkspaceIdMigration] with arguments: [org.springframework.data.mongodb.core.MongoTemplate]
[2023-04-18 20:44:23,706]  - PASSED OVER - {"id"="migrate-default-workspace-id-to-default-domain-id", "type"="execution", "author"="default_author", "class"="Migration003PermissionGroupDefaultWorkspaceIdMigration", "method"="defaultWorkspaceIdMigration"}
[2023-04-18 20:44:23,708]  - method[com.appsmith.server.migrations.db.ce.Migration004CreateIndexForApplicationSnapshotMigration] with arguments: [org.springframework.data.mongodb.core.MongoTemplate]
[2023-04-18 20:44:23,709]  - PASSED OVER - {"id"="create-index-for-application-snapshot-collection", "type"="execution", "author"="default_author", "class"="Migration004CreateIndexForApplicationSnapshotMigration", "method"="addIndexOnApplicationIdAndChunkOrder"}
[2023-04-18 20:44:23,712]  - method[com.appsmith.server.migrations.db.ce.Migration004ResetOnPageLoadEdgesInLayouts] with arguments: [org.springframework.data.mongodb.core.MongoTemplate]
[2023-04-18 20:44:23,713]  - PASSED OVER - {"id"="reset-on-page-load-edges-in-layouts", "type"="execution", "author"="default_author", "class"="Migration004ResetOnPageLoadEdgesInLayouts", "method"="executeMigration"}
[2023-04-18 20:44:23,713]  - Mongock releasing the lock
[2023-04-18 20:44:23,713]  - Mongock releasing the lock
[2023-04-18 20:44:23,724]  - Mongock released the lock
[2023-04-18 20:44:23,724]  - Mongock has finished
[2023-04-18 20:44:24,825]  - Exposing 2 endpoint(s) beneath base path '/actuator'
[2023-04-18 20:44:25,250]  - Netty started on port 8080
[2023-04-18 20:44:25,275]  - Started ServerApplication in 17.385 seconds (process running for 18.283)
[2023-04-18 20:44:25,300]  - Triggering registration of this instance...
[2023-04-18 20:44:25,302]  - Performing RTS health check of this instance...
[2023-04-18 20:44:25,333]  - In memory cache miss for anonymous user permission groups. Fetching from DB and adding it to in memory storage.
[2023-04-18 20:44:25,382]  - No server chosen by com.mongodb.reactivestreams.client.internal.ClientSessionHelper$$Lambda$1991/0x00000008016c5640@17ae13d5 from cluster description ClusterDescription{type=UNKNOWN, connectionMode=SINGLE, serverDescriptions=[ServerDescription{address=localhost:27017, type=UNKNOWN, state=CONNECTING, exception={com.mongodb.MongoSocketOpenException: Exception opening socket}, caused by {io.netty.channel.AbstractChannel$AnnotatedConnectException: Connection refused: localhost/127.0.0.1:27017}, caused by {java.net.ConnectException: Connection refused}}]}. Waiting for 30000 ms before timing out
[2023-04-18 20:44:25,393]  - Monitor thread successfully connected to server with description ServerDescription{address=localhost:27017, type=REPLICA_SET_PRIMARY, state=CONNECTED, ok=true, minWireVersion=0, maxWireVersion=13, maxDocumentSize=16777216, logicalSessionTimeoutMinutes=30, roundTripTimeNanos=6935034, setName='mr1', canonicalAddress=localhost:27017, hosts=[localhost:27017], passives=[], arbiters=[], primary='localhost:27017', tagSet=TagSet{[]}, electionId=7fffffff0000000000000014, setVersion=1, topologyVersion=TopologyVersion{processId=643f0115a84b107d1dcceba0, counter=6}, lastWriteDate=Tue Apr 18 20:44:23 UTC 2023, lastUpdateTimeNanos=8001995791709}
[2023-04-18 20:44:25,693]  - RTS health check succeeded

 █████╗ ██████╗ ██████╗ ███████╗███╗   ███╗██╗████████╗██╗  ██╗    ██╗███████╗    ██████╗ ██╗   ██╗███╗   ██╗███╗   ██╗██╗███╗   ██╗ ██████╗ ██╗
██╔══██╗██╔══██╗██╔══██╗██╔════╝████╗ ████║██║╚══██╔══╝██║  ██║    ██║██╔════╝    ██╔══██╗██║   ██║████╗  ██║████╗  ██║██║████╗  ██║██╔════╝ ██║
███████║██████╔╝██████╔╝███████╗██╔████╔██║██║   ██║   ███████║    ██║███████╗    ██████╔╝██║   ██║██╔██╗ ██║██╔██╗ ██║██║██╔██╗ ██║██║  ███╗██║
██╔══██║██╔═══╝ ██╔═══╝ ╚════██║██║╚██╔╝██║██║   ██║   ██╔══██║    ██║╚════██║    ██╔══██╗██║   ██║██║╚██╗██║██║╚██╗██║██║██║╚██╗██║██║   ██║╚═╝
██║  ██║██║     ██║     ███████║██║ ╚═╝ ██║██║   ██║   ██║  ██║    ██║███████║    ██║  ██║╚██████╔╝██║ ╚████║██║ ╚████║██║██║ ╚████║╚██████╔╝██╗
╚═╝  ╚═╝╚═╝     ╚═╝     ╚══════╝╚═╝     ╚═╝╚═╝   ╚═╝   ╚═╝  ╚═╝    ╚═╝╚══════╝    ╚═╝  ╚═╝ ╚═════╝ ╚═╝  ╚═══╝╚═╝  ╚═══╝╚═╝╚═╝  ╚═══╝ ╚═════╝ ╚═╝

Please open http://localhost:<port> in your browser to experience Appsmith!

[2023-04-18 20:44:42,634]  - Cancelled mongock lock daemon
[2023-04-18 20:46:27,001]  - Commencing graceful shutdown. Waiting for active requests to complete
[2023-04-18 20:46:27,004]  - Graceful shutdown complete
[2023-04-18 20:46:27,022]  - Operator called default onErrorDropped
reactor.core.Exceptions$ErrorCallbackNotImplemented: java.util.concurrent.CancellationException: Disconnected
Caused by: java.util.concurrent.CancellationException: Disconnected
	at reactor.core.publisher.FluxPublish$PublishSubscriber.disconnectAction(FluxPublish.java:327)
	at reactor.core.publisher.FluxPublish$PublishSubscriber.dispose(FluxPublish.java:318)
	at org.springframework.data.redis.connection.lettuce.LettuceReactiveSubscription$State.terminate(LettuceReactiveSubscription.java:263)
	at org.springframework.data.redis.connection.lettuce.LettuceReactiveSubscription.lambda$cancel$8(LettuceReactiveSubscription.java:147)
	at reactor.core.publisher.MonoDefer.subscribe(MonoDefer.java:44)
	at reactor.core.publisher.InternalMonoOperator.subscribe(InternalMonoOperator.java:64)
	at reactor.core.publisher.MonoIgnoreThen$ThenIgnoreMain.subscribeNext(MonoIgnoreThen.java:240)
	at reactor.core.publisher.MonoIgnoreThen$ThenIgnoreMain.onComplete(MonoIgnoreThen.java:203)
	at com.appsmith.server.configurations.MDCConfig$MdcContextLifter.onComplete(MDCConfig.java:63)
	at reactor.core.publisher.MonoIgnoreThen$ThenIgnoreMain.onComplete(MonoIgnoreThen.java:209)
	at reactor.core.publisher.MonoIgnoreThen$ThenIgnoreMain.subscribeNext(MonoIgnoreThen.java:238)
	at reactor.core.publisher.MonoIgnoreThen$ThenIgnoreMain.onComplete(MonoIgnoreThen.java:203)
	at com.appsmith.server.configurations.MDCConfig$MdcContextLifter.onComplete(MDCConfig.java:63)
	at com.appsmith.server.configurations.MDCConfig$MdcContextLifter.onComplete(MDCConfig.java:63)
	at reactor.core.publisher.Operators$MultiSubscriptionSubscriber.onComplete(Operators.java:2205)
	at com.appsmith.server.configurations.MDCConfig$MdcContextLifter.onComplete(MDCConfig.java:63)
	at reactor.core.publisher.MonoPeekTerminal$MonoTerminalPeekSubscriber.onComplete(MonoPeekTerminal.java:299)
	at com.appsmith.server.configurations.MDCConfig$MdcContextLifter.onComplete(MDCConfig.java:63)
	at reactor.core.publisher.MonoIgnoreElements$IgnoreElementsSubscriber.onComplete(MonoIgnoreElements.java:89)
	at com.appsmith.server.configurations.MDCConfig$MdcContextLifter.onComplete(MDCConfig.java:63)
	at io.lettuce.core.RedisPublisher$ImmediateSubscriber.onComplete(RedisPublisher.java:896)
	at io.lettuce.core.RedisPublisher$State.onAllDataRead(RedisPublisher.java:698)
	at io.lettuce.core.RedisPublisher$State$3.read(RedisPublisher.java:608)
	at io.lettuce.core.RedisPublisher$State$3.onDataAvailable(RedisPublisher.java:565)
	at io.lettuce.core.RedisPublisher$RedisSubscription.onDataAvailable(RedisPublisher.java:326)
	at io.lettuce.core.RedisPublisher$RedisSubscription.onAllDataRead(RedisPublisher.java:341)
	at io.lettuce.core.RedisPublisher$SubscriptionCommand.doOnComplete(RedisPublisher.java:778)
	at io.lettuce.core.protocol.CommandWrapper.complete(CommandWrapper.java:65)
	at io.lettuce.core.protocol.CommandWrapper.complete(CommandWrapper.java:63)
	at io.lettuce.core.protocol.CommandHandler.complete(CommandHandler.java:747)
	at io.lettuce.core.pubsub.PubSubCommandHandler.complete(PubSubCommandHandler.java:167)
	at io.lettuce.core.protocol.CommandHandler.decode(CommandHandler.java:682)
	at io.lettuce.core.pubsub.PubSubCommandHandler.decode(PubSubCommandHandler.java:112)
	at io.lettuce.core.protocol.CommandHandler.channelRead(CommandHandler.java:599)
	at io.netty.channel.AbstractChannelHandlerContext.invokeChannelRead(AbstractChannelHandlerContext.java:442)
	at io.netty.channel.AbstractChannelHandlerContext.invokeChannelRead(AbstractChannelHandlerContext.java:420)
	at io.netty.channel.AbstractChannelHandlerContext.fireChannelRead(AbstractChannelHandlerContext.java:412)
	at io.netty.channel.DefaultChannelPipeline$HeadContext.channelRead(DefaultChannelPipeline.java:1410)
	at io.netty.channel.AbstractChannelHandlerContext.invokeChannelRead(AbstractChannelHandlerContext.java:440)
	at io.netty.channel.AbstractChannelHandlerContext.invokeChannelRead(AbstractChannelHandlerContext.java:420)
	at io.netty.channel.DefaultChannelPipeline.fireChannelRead(DefaultChannelPipeline.java:919)
	at io.netty.channel.epoll.AbstractEpollStreamChannel$EpollStreamUnsafe.epollInReady(AbstractEpollStreamChannel.java:800)
	at io.netty.channel.epoll.EpollEventLoop.processReady(EpollEventLoop.java:499)
	at io.netty.channel.epoll.EpollEventLoop.run(EpollEventLoop.java:397)
	at io.netty.util.concurrent.SingleThreadEventExecutor$4.run(SingleThreadEventExecutor.java:997)
	at io.netty.util.internal.ThreadExecutorMap$2.run(ThreadExecutorMap.java:74)
	at io.netty.util.concurrent.FastThreadLocalRunnable.run(FastThreadLocalRunnable.java:30)
	at java.base/java.lang.Thread.run(Thread.java:833)
