1588:C 03 Apr 2023 13:43:04.205 # oO0OoO0OoO0Oo Redis is starting oO0OoO0OoO0Oo
1588:C 03 Apr 2023 13:43:04.205 # Redis version=5.0.7, bits=64, commit=00000000, modified=0, pid=1588, just started
1588:C 03 Apr 2023 13:43:04.205 # Configuration loaded
1588:M 03 Apr 2023 13:43:04.206 # Could not create server TCP listening socket ::1:6379: bind: Cannot assign requested address
                _._                                                  
           _.-``__ ''-._                                             
      _.-``    `.  `_.  ''-._           Redis 5.0.7 (00000000/0) 64 bit
  .-`` .-```.  ```\/    _.,_ ''-._                                   
 (    '      ,       .-`  | `,    )     Running in standalone mode
 |`-._`-...-` __...-.``-._|'` _.-'|     Port: 6379
 |    `-._   `._    /     _.-'    |     PID: 1588
  `-._    `-._  `-./  _.-'    _.-'                                   
 |`-._`-._    `-.__.-'    _.-'_.-'|                                  
 |    `-._`-._        _.-'_.-'    |           http://redis.io        
  `-._    `-._`-.__.-'_.-'    _.-'                                   
 |`-._`-._    `-.__.-'    _.-'_.-'|                                  
 |    `-._`-._        _.-'_.-'    |                                  
  `-._    `-._`-.__.-'_.-'    _.-'                                   
      `-._    `-.__.-'    _.-'                                       
          `-._        _.-'                                           
              `-.__.-'                                               

1588:M 03 Apr 2023 13:43:04.209 # Server initialized
1588:M 03 Apr 2023 13:43:04.209 # WARNING overcommit_memory is set to 0! Background save may fail under low memory condition. To fix this issue add 'vm.overcommit_memory = 1' to /etc/sysctl.conf and then reboot or run the command 'sysctl vm.overcommit_memory=1' for this to take effect.
1588:M 03 Apr 2023 13:43:04.209 # WARNING you have Transparent Huge Pages (THP) support enabled in your kernel. This will create latency and memory usage issues with Redis. To fix this issue run the command 'echo never > /sys/kernel/mm/transparent_hugepage/enabled' as root, and add it to your /etc/rc.local in order to retain the setting after a reboot. Redis must be restarted after THP is disabled.
1588:M 03 Apr 2023 13:43:04.210 * Ready to accept connections
1348:C 05 Apr 2023 13:42:15.994 # oO0OoO0OoO0Oo Redis is starting oO0OoO0OoO0Oo
1348:C 05 Apr 2023 13:42:15.994 # Redis version=5.0.7, bits=64, commit=00000000, modified=0, pid=1348, just started
1348:C 05 Apr 2023 13:42:15.994 # Configuration loaded
1348:M 05 Apr 2023 13:42:15.994 # Could not create server TCP listening socket ::1:6379: bind: Cannot assign requested address
                _._                                                  
           _.-``__ ''-._                                             
      _.-``    `.  `_.  ''-._           Redis 5.0.7 (00000000/0) 64 bit
  .-`` .-```.  ```\/    _.,_ ''-._                                   
 (    '      ,       .-`  | `,    )     Running in standalone mode
 |`-._`-...-` __...-.``-._|'` _.-'|     Port: 6379
 |    `-._   `._    /     _.-'    |     PID: 1348
  `-._    `-._  `-./  _.-'    _.-'                                   
 |`-._`-._    `-.__.-'    _.-'_.-'|                                  
 |    `-._`-._        _.-'_.-'    |           http://redis.io        
  `-._    `-._`-.__.-'_.-'    _.-'                                   
 |`-._`-._    `-.__.-'    _.-'_.-'|                                  
 |    `-._`-._        _.-'_.-'    |                                  
  `-._    `-._`-.__.-'_.-'    _.-'                                   
      `-._    `-.__.-'    _.-'                                       
          `-._        _.-'                                           
              `-.__.-'                                               

1348:M 05 Apr 2023 13:42:16.000 # Server initialized
1348:M 05 Apr 2023 13:42:16.000 # WARNING overcommit_memory is set to 0! Background save may fail under low memory condition. To fix this issue add 'vm.overcommit_memory = 1' to /etc/sysctl.conf and then reboot or run the command 'sysctl vm.overcommit_memory=1' for this to take effect.
1348:M 05 Apr 2023 13:42:16.000 # WARNING you have Transparent Huge Pages (THP) support enabled in your kernel. This will create latency and memory usage issues with Redis. To fix this issue run the command 'echo never > /sys/kernel/mm/transparent_hugepage/enabled' as root, and add it to your /etc/rc.local in order to retain the setting after a reboot. Redis must be restarted after THP is disabled.
1348:M 05 Apr 2023 13:42:16.001 * Ready to accept connections
1348:signal-handler (1680702178) Received SIGTERM scheduling shutdown...
1348:M 05 Apr 2023 13:42:58.344 # User requested shutdown...
1348:M 05 Apr 2023 13:42:58.344 * Saving the final RDB snapshot before exiting.
1348:M 05 Apr 2023 13:42:58.352 * DB saved on disk
1348:M 05 Apr 2023 13:42:58.353 * Removing the pid file.
1348:M 05 Apr 2023 13:42:58.353 # Redis is now ready to exit, bye bye...
1346:C 05 Apr 2023 13:43:04.021 # oO0OoO0OoO0Oo Redis is starting oO0OoO0OoO0Oo
1346:C 05 Apr 2023 13:43:04.021 # Redis version=5.0.7, bits=64, commit=00000000, modified=0, pid=1346, just started
1346:C 05 Apr 2023 13:43:04.021 # Configuration loaded
1346:M 05 Apr 2023 13:43:04.021 # Could not create server TCP listening socket ::1:6379: bind: Cannot assign requested address
                _._                                                  
           _.-``__ ''-._                                             
      _.-``    `.  `_.  ''-._           Redis 5.0.7 (00000000/0) 64 bit
  .-`` .-```.  ```\/    _.,_ ''-._                                   
 (    '      ,       .-`  | `,    )     Running in standalone mode
 |`-._`-...-` __...-.``-._|'` _.-'|     Port: 6379
 |    `-._   `._    /     _.-'    |     PID: 1346
  `-._    `-._  `-./  _.-'    _.-'                                   
 |`-._`-._    `-.__.-'    _.-'_.-'|                                  
 |    `-._`-._        _.-'_.-'    |           http://redis.io        
  `-._    `-._`-.__.-'_.-'    _.-'                                   
 |`-._`-._    `-.__.-'    _.-'_.-'|                                  
 |    `-._`-._        _.-'_.-'    |                                  
  `-._    `-._`-.__.-'_.-'    _.-'                                   
      `-._    `-.__.-'    _.-'                                       
          `-._        _.-'                                           
              `-.__.-'                                               

1346:M 05 Apr 2023 13:43:04.022 # Server initialized
1346:M 05 Apr 2023 13:43:04.022 # WARNING overcommit_memory is set to 0! Background save may fail under low memory condition. To fix this issue add 'vm.overcommit_memory = 1' to /etc/sysctl.conf and then reboot or run the command 'sysctl vm.overcommit_memory=1' for this to take effect.
1346:M 05 Apr 2023 13:43:04.022 # WARNING you have Transparent Huge Pages (THP) support enabled in your kernel. This will create latency and memory usage issues with Redis. To fix this issue run the command 'echo never > /sys/kernel/mm/transparent_hugepage/enabled' as root, and add it to your /etc/rc.local in order to retain the setting after a reboot. Redis must be restarted after THP is disabled.
1346:M 05 Apr 2023 13:43:04.025 * DB loaded from disk: 0.002 seconds
1346:M 05 Apr 2023 13:43:04.025 * Ready to accept connections
1346:signal-handler (1680705608) Received SIGTERM scheduling shutdown...
1346:M 05 Apr 2023 14:40:08.738 # User requested shutdown...
1346:M 05 Apr 2023 14:40:08.738 * Saving the final RDB snapshot before exiting.
1346:M 05 Apr 2023 14:40:08.747 * DB saved on disk
1346:M 05 Apr 2023 14:40:08.747 * Removing the pid file.
1346:M 05 Apr 2023 14:40:08.747 # Redis is now ready to exit, bye bye...
1348:C 05 Apr 2023 20:03:34.749 # oO0OoO0OoO0Oo Redis is starting oO0OoO0OoO0Oo
1348:C 05 Apr 2023 20:03:34.749 # Redis version=5.0.7, bits=64, commit=00000000, modified=0, pid=1348, just started
1348:C 05 Apr 2023 20:03:34.749 # Configuration loaded
1348:M 05 Apr 2023 20:03:34.750 # Could not create server TCP listening socket ::1:6379: bind: Cannot assign requested address
                _._                                                  
           _.-``__ ''-._                                             
      _.-``    `.  `_.  ''-._           Redis 5.0.7 (00000000/0) 64 bit
  .-`` .-```.  ```\/    _.,_ ''-._                                   
 (    '      ,       .-`  | `,    )     Running in standalone mode
 |`-._`-...-` __...-.``-._|'` _.-'|     Port: 6379
 |    `-._   `._    /     _.-'    |     PID: 1348
  `-._    `-._  `-./  _.-'    _.-'                                   
 |`-._`-._    `-.__.-'    _.-'_.-'|                                  
 |    `-._`-._        _.-'_.-'    |           http://redis.io        
  `-._    `-._`-.__.-'_.-'    _.-'                                   
 |`-._`-._    `-.__.-'    _.-'_.-'|                                  
 |    `-._`-._        _.-'_.-'    |                                  
  `-._    `-._`-.__.-'_.-'    _.-'                                   
      `-._    `-.__.-'    _.-'                                       
          `-._        _.-'                                           
              `-.__.-'                                               

1348:M 05 Apr 2023 20:03:34.753 # Server initialized
1348:M 05 Apr 2023 20:03:34.753 # WARNING overcommit_memory is set to 0! Background save may fail under low memory condition. To fix this issue add 'vm.overcommit_memory = 1' to /etc/sysctl.conf and then reboot or run the command 'sysctl vm.overcommit_memory=1' for this to take effect.
1348:M 05 Apr 2023 20:03:34.753 # WARNING you have Transparent Huge Pages (THP) support enabled in your kernel. This will create latency and memory usage issues with Redis. To fix this issue run the command 'echo never > /sys/kernel/mm/transparent_hugepage/enabled' as root, and add it to your /etc/rc.local in order to retain the setting after a reboot. Redis must be restarted after THP is disabled.
1348:M 05 Apr 2023 20:03:34.762 * DB loaded from disk: 0.009 seconds
1348:M 05 Apr 2023 20:03:34.762 * Ready to accept connections
1349:C 08 Apr 2023 02:50:26.744 # oO0OoO0OoO0Oo Redis is starting oO0OoO0OoO0Oo
1349:C 08 Apr 2023 02:50:26.744 # Redis version=5.0.7, bits=64, commit=00000000, modified=0, pid=1349, just started
1349:C 08 Apr 2023 02:50:26.744 # Configuration loaded
1349:M 08 Apr 2023 02:50:26.744 # Could not create server TCP listening socket ::1:6379: bind: Cannot assign requested address
                _._                                                  
           _.-``__ ''-._                                             
      _.-``    `.  `_.  ''-._           Redis 5.0.7 (00000000/0) 64 bit
  .-`` .-```.  ```\/    _.,_ ''-._                                   
 (    '      ,       .-`  | `,    )     Running in standalone mode
 |`-._`-...-` __...-.``-._|'` _.-'|     Port: 6379
 |    `-._   `._    /     _.-'    |     PID: 1349
  `-._    `-._  `-./  _.-'    _.-'                                   
 |`-._`-._    `-.__.-'    _.-'_.-'|                                  
 |    `-._`-._        _.-'_.-'    |           http://redis.io        
  `-._    `-._`-.__.-'_.-'    _.-'                                   
 |`-._`-._    `-.__.-'    _.-'_.-'|                                  
 |    `-._`-._        _.-'_.-'    |                                  
  `-._    `-._`-.__.-'_.-'    _.-'                                   
      `-._    `-.__.-'    _.-'                                       
          `-._        _.-'                                           
              `-.__.-'                                               

1349:M 08 Apr 2023 02:50:26.748 # Server initialized
1349:M 08 Apr 2023 02:50:26.748 # WARNING overcommit_memory is set to 0! Background save may fail under low memory condition. To fix this issue add 'vm.overcommit_memory = 1' to /etc/sysctl.conf and then reboot or run the command 'sysctl vm.overcommit_memory=1' for this to take effect.
1349:M 08 Apr 2023 02:50:26.748 # WARNING you have Transparent Huge Pages (THP) support enabled in your kernel. This will create latency and memory usage issues with Redis. To fix this issue run the command 'echo never > /sys/kernel/mm/transparent_hugepage/enabled' as root, and add it to your /etc/rc.local in order to retain the setting after a reboot. Redis must be restarted after THP is disabled.
1349:M 08 Apr 2023 02:50:26.759 * DB loaded from disk: 0.011 seconds
1349:M 08 Apr 2023 02:50:26.759 * Ready to accept connections
1348:C 10 Apr 2023 13:21:20.904 # oO0OoO0OoO0Oo Redis is starting oO0OoO0OoO0Oo
1348:C 10 Apr 2023 13:21:20.904 # Redis version=5.0.7, bits=64, commit=00000000, modified=0, pid=1348, just started
1348:C 10 Apr 2023 13:21:20.904 # Configuration loaded
1348:M 10 Apr 2023 13:21:20.904 # Could not create server TCP listening socket ::1:6379: bind: Cannot assign requested address
                _._                                                  
           _.-``__ ''-._                                             
      _.-``    `.  `_.  ''-._           Redis 5.0.7 (00000000/0) 64 bit
  .-`` .-```.  ```\/    _.,_ ''-._                                   
 (    '      ,       .-`  | `,    )     Running in standalone mode
 |`-._`-...-` __...-.``-._|'` _.-'|     Port: 6379
 |    `-._   `._    /     _.-'    |     PID: 1348
  `-._    `-._  `-./  _.-'    _.-'                                   
 |`-._`-._    `-.__.-'    _.-'_.-'|                                  
 |    `-._`-._        _.-'_.-'    |           http://redis.io        
  `-._    `-._`-.__.-'_.-'    _.-'                                   
 |`-._`-._    `-.__.-'    _.-'_.-'|                                  
 |    `-._`-._        _.-'_.-'    |                                  
  `-._    `-._`-.__.-'_.-'    _.-'                                   
      `-._    `-.__.-'    _.-'                                       
          `-._        _.-'                                           
              `-.__.-'                                               

1348:M 10 Apr 2023 13:21:20.908 # Server initialized
1348:M 10 Apr 2023 13:21:20.908 # WARNING overcommit_memory is set to 0! Background save may fail under low memory condition. To fix this issue add 'vm.overcommit_memory = 1' to /etc/sysctl.conf and then reboot or run the command 'sysctl vm.overcommit_memory=1' for this to take effect.
1348:M 10 Apr 2023 13:21:20.908 # WARNING you have Transparent Huge Pages (THP) support enabled in your kernel. This will create latency and memory usage issues with Redis. To fix this issue run the command 'echo never > /sys/kernel/mm/transparent_hugepage/enabled' as root, and add it to your /etc/rc.local in order to retain the setting after a reboot. Redis must be restarted after THP is disabled.
1348:M 10 Apr 2023 13:21:20.916 * DB loaded from disk: 0.008 seconds
1348:M 10 Apr 2023 13:21:20.916 * Ready to accept connections
1348:C 12 Apr 2023 13:48:33.233 # oO0OoO0OoO0Oo Redis is starting oO0OoO0OoO0Oo
1348:C 12 Apr 2023 13:48:33.233 # Redis version=5.0.7, bits=64, commit=00000000, modified=0, pid=1348, just started
1348:C 12 Apr 2023 13:48:33.233 # Configuration loaded
1348:M 12 Apr 2023 13:48:33.233 # Could not create server TCP listening socket ::1:6379: bind: Cannot assign requested address
                _._                                                  
           _.-``__ ''-._                                             
      _.-``    `.  `_.  ''-._           Redis 5.0.7 (00000000/0) 64 bit
  .-`` .-```.  ```\/    _.,_ ''-._                                   
 (    '      ,       .-`  | `,    )     Running in standalone mode
 |`-._`-...-` __...-.``-._|'` _.-'|     Port: 6379
 |    `-._   `._    /     _.-'    |     PID: 1348
  `-._    `-._  `-./  _.-'    _.-'                                   
 |`-._`-._    `-.__.-'    _.-'_.-'|                                  
 |    `-._`-._        _.-'_.-'    |           http://redis.io        
  `-._    `-._`-.__.-'_.-'    _.-'                                   
 |`-._`-._    `-.__.-'    _.-'_.-'|                                  
 |    `-._`-._        _.-'_.-'    |                                  
  `-._    `-._`-.__.-'_.-'    _.-'                                   
      `-._    `-.__.-'    _.-'                                       
          `-._        _.-'                                           
              `-.__.-'                                               

1348:M 12 Apr 2023 13:48:33.240 # Server initialized
1348:M 12 Apr 2023 13:48:33.240 # WARNING overcommit_memory is set to 0! Background save may fail under low memory condition. To fix this issue add 'vm.overcommit_memory = 1' to /etc/sysctl.conf and then reboot or run the command 'sysctl vm.overcommit_memory=1' for this to take effect.
1348:M 12 Apr 2023 13:48:33.240 # WARNING you have Transparent Huge Pages (THP) support enabled in your kernel. This will create latency and memory usage issues with Redis. To fix this issue run the command 'echo never > /sys/kernel/mm/transparent_hugepage/enabled' as root, and add it to your /etc/rc.local in order to retain the setting after a reboot. Redis must be restarted after THP is disabled.
1348:M 12 Apr 2023 13:48:33.248 * DB loaded from disk: 0.008 seconds
1348:M 12 Apr 2023 13:48:33.248 * Ready to accept connections
